Mplus VERSION 7.4
MUTHEN & MUTHEN
03/08/2021   7:12 PM

INPUT INSTRUCTIONS

  Data:  file is lsay_c4_cprob_aux.txt;

  Variable:

  names are
      ENJM
      GOODM
      UNDSTDM
      NERVM
      SCAREM
      LSAYID
      EMTHIRTN
      FEMALE
      URM
      CPROB1
      CPROB2
      CPROB3
      CPROB4
      C4mod;

  idvariable = lsayid;

  missing are all(9999);

  usevariables = c4mod urm female;

  nominal = c4mod;

  classes = c(4);

  Analysis:
  Type = mixture;
  Estimator = MLR;

  Starts = 0;

  processors = 4;

  MODEL:

  %overall%

  c on female (a1-a3);
  c on urm (b1-b3);


  !The values below come from output
  !Logits for the Classification Probabilities for the
  !Most Likely Latent Class Membership (Column)
  !by Latent Class (Row) from unconditional 4-class model

  %c#1%

  [c4mod#1@2.563
  c4mod#2@-3.391
  c4mod#3@0.215];

  %c#2%
  [c4mod#1@-5.405
  c4mod#2@2.497
  c4mod#3@-1.789];

  %c#3%

  [c4mod#1@0.095
  c4mod#2@0.405
  c4mod#3@1.947];

  %c#4%

  [c4mod#1@-3.124
  c4mod#2@-2.140
  c4mod#3@-3.830];


  Model Constraint:
  New (a1v2 a1v3 a2v3 b1v2 b1v3 b2v3);
  a1v2 = a1-a2;
  a1v3 = a1-a3;
  a2v3 = a2-a3;

  b1v2 = b1-b2;
  b1v3 = b1-b3;
  b2v3 = b2-b3;

  Model Test:
  !0=a1;
  !0=a2;
  !0=a3;

  0=b1;
  0=b2;
  0=b3;


  Output:
  !tech1 tech8
  sampstat residual cinterval;

  !Savedata:

    !file = lsay_pr3_3step_maineffects.txt;
    !save=cprob;
    !format = free;
    !missflag = 9999;





*** WARNING
  Data set contains cases with missing on x-variables.
  These cases were not included in the analysis.
  Number of cases with missing on x-variables:  102
   1 WARNING(S) FOUND IN THE INPUT INSTRUCTIONS




SUMMARY OF ANALYSIS

Number of groups                                                 1
Number of observations                                        2573

Number of dependent variables                                    1
Number of independent variables                                  2
Number of continuous latent variables                            0
Number of categorical latent variables                           1

Observed dependent variables

  Unordered categorical (nominal)
   C4MOD

Observed independent variables
   URM         FEMALE

Categorical latent variables
   C

Variables with special functions

  ID variable           LSAYID

Estimator                                                      MLR
Information matrix                                        OBSERVED
Optimization Specifications for the Quasi-Newton Algorithm for
Continuous Outcomes
  Maximum number of iterations                                 100
  Convergence criterion                                  0.100D-05
Optimization Specifications for the EM Algorithm
  Maximum number of iterations                                 500
  Convergence criteria
    Loglikelihood change                                 0.100D-06
    Relative loglikelihood change                        0.100D-06
    Derivative                                           0.100D-05
Optimization Specifications for the M step of the EM Algorithm for
Categorical Latent variables
  Number of M step iterations                                    1
  M step convergence criterion                           0.100D-05
  Basis for M step termination                           ITERATION
Optimization Specifications for the M step of the EM Algorithm for
Censored, Binary or Ordered Categorical (Ordinal), Unordered
Categorical (Nominal) and Count Outcomes
  Number of M step iterations                                    1
  M step convergence criterion                           0.100D-05
  Basis for M step termination                           ITERATION
  Maximum value for logit thresholds                            15
  Minimum value for logit thresholds                           -15
  Minimum expected cell size for chi-square              0.100D-01
Maximum number of iterations for H1                           2000
Convergence criterion for H1                             0.100D-03
Optimization algorithm                                         EMA

Input data file(s)
  lsay_c4_cprob_aux.txt
Input data format  FREE


SUMMARY OF DATA



COVARIANCE COVERAGE OF DATA

Minimum covariance coverage value   0.100


UNIVARIATE PROPORTIONS AND COUNTS FOR CATEGORICAL VARIABLES

    C4MOD
      Category 1    0.160          412.000
      Category 2    0.444         1143.000
      Category 3    0.106          272.000
      Category 4    0.290          746.000


SAMPLE STATISTICS


     SAMPLE STATISTICS


           Means
              URM           FEMALE
              ________      ________
 1              0.211         0.490


           Covariances
              URM           FEMALE
              ________      ________
 URM            0.167
 FEMALE        -0.003         0.250


           Correlations
              URM           FEMALE
              ________      ________
 URM            1.000
 FEMALE        -0.014         1.000


UNIVARIATE SAMPLE STATISTICS


     UNIVARIATE HIGHER-ORDER MOMENT DESCRIPTIVE STATISTICS

         Variable/         Mean/     Skewness/   Minimum/ % with                Percentiles
        Sample Size      Variance    Kurtosis    Maximum  Min/Max      20%/60%    40%/80%    Median

     URM                   0.211       1.413       0.000   78.86%       0.000      0.000      0.000
            2573.000       0.167      -0.002       1.000   21.14%       0.000      1.000
     FEMALE                0.490       0.041       0.000   51.03%       0.000      0.000      0.000
            2573.000       0.250      -1.998       1.000   48.97%       1.000      1.000


THE MODEL ESTIMATION TERMINATED NORMALLY



MODEL FIT INFORMATION

Number of Free Parameters                        9

Loglikelihood

          H0 Value                       -3197.177
          H0 Scaling Correction Factor      0.9998
            for MLR

Information Criteria

          Akaike (AIC)                    6412.353
          Bayesian (BIC)                  6465.029
          Sample-Size Adjusted BIC        6436.433
            (n* = (n + 2) / 24)

Wald Test of Parameter Constraints

          Value                             21.743
          Degrees of Freedom                     3
          P-Value                           0.0001



FINAL CLASS COUNTS AND PROPORTIONS FOR THE LATENT CLASSES
BASED ON THE ESTIMATED MODEL

    Latent
   Classes

       1        413.49340          0.16070
       2       1124.67396          0.43711
       3        319.65170          0.12423
       4        715.18094          0.27796


FINAL CLASS COUNTS AND PROPORTIONS FOR THE LATENT CLASSES
BASED ON ESTIMATED POSTERIOR PROBABILITIES

    Latent
   Classes

       1        413.49476          0.16071
       2       1124.67491          0.43711
       3        319.64920          0.12423
       4        715.18113          0.27796


FINAL CLASS COUNTS AND PROPORTIONS FOR THE LATENT CLASSES
BASED ON THEIR MOST LIKELY LATENT CLASS MEMBERSHIP

Class Counts and Proportions

    Latent
   Classes

       1              412          0.16012
       2             1143          0.44423
       3              272          0.10571
       4              746          0.28993


CLASSIFICATION QUALITY

     Entropy                         0.618


Average Latent Class Probabilities for Most Likely Latent Class Membership (Row)
by Latent Class (Column)

           1        2        3        4

    1   0.854    0.001    0.080    0.065
    2   0.001    0.897    0.040    0.062
    3   0.124    0.052    0.777    0.048
    4   0.036    0.113    0.040    0.810


Classification Probabilities for the Most Likely Latent Class Membership (Column)
by Latent Class (Row)

           1        2        3        4

    1   0.851    0.002    0.081    0.066
    2   0.000    0.912    0.013    0.075
    3   0.104    0.141    0.661    0.094
    4   0.037    0.100    0.018    0.845


Logits for the Classification Probabilities for the Most Likely Latent Class Membership (Column)
by Latent Class (Row)

              1        2        3        4

    1      2.563   -3.391    0.215    0.000
    2     -5.405    2.497   -1.787    0.000
    3      0.096    0.405    1.948    0.000
    4     -3.122   -2.139   -3.837    0.000


MODEL RESULTS

                                                    Two-Tailed
                    Estimate       S.E.  Est./S.E.    P-Value

Latent Class 1

 Means
    C4MOD#1            2.563      0.000    999.000    999.000
    C4MOD#2           -3.391      0.000    999.000    999.000
    C4MOD#3            0.215      0.000    999.000    999.000

Latent Class 2

 Means
    C4MOD#1           -5.405      0.000    999.000    999.000
    C4MOD#2            2.497      0.000    999.000    999.000
    C4MOD#3           -1.789      0.000    999.000    999.000

Latent Class 3

 Means
    C4MOD#1            0.095      0.000    999.000    999.000
    C4MOD#2            0.405      0.000    999.000    999.000
    C4MOD#3            1.947      0.000    999.000    999.000

Latent Class 4

 Means
    C4MOD#1           -3.124      0.000    999.000    999.000
    C4MOD#2           -2.140      0.000    999.000    999.000
    C4MOD#3           -3.830      0.000    999.000    999.000

Categorical Latent Variables

 C#1        ON
    FEMALE             0.383      0.159      2.408      0.016
    URM               -0.420      0.186     -2.251      0.024

 C#2        ON
    FEMALE             0.347      0.127      2.735      0.006
    URM               -0.693      0.149     -4.648      0.000

 C#3        ON
    FEMALE             0.744      0.198      3.756      0.000
    URM               -0.435      0.231     -1.886      0.059

 Intercepts
    C#1               -0.621      0.116     -5.334      0.000
    C#2                0.448      0.091      4.954      0.000
    C#3               -1.075      0.162     -6.644      0.000

New/Additional Parameters
    A1V2               0.036      0.134      0.267      0.790
    A1V3              -0.361      0.225     -1.602      0.109
    A2V3              -0.397      0.187     -2.127      0.033
    B1V2               0.273      0.170      1.605      0.109
    B1V3               0.016      0.273      0.057      0.954
    B2V3              -0.258      0.229     -1.124      0.261


LOGISTIC REGRESSION ODDS RATIO RESULTS

Categorical Latent Variables

 C#1      ON
    FEMALE             1.467
    URM                0.657

 C#2      ON
    FEMALE             1.415
    URM                0.500

 C#3      ON
    FEMALE             2.105
    URM                0.647


ALTERNATIVE PARAMETERIZATIONS FOR THE CATEGORICAL LATENT VARIABLE REGRESSION

Parameterization using Reference Class 1

 C#2      ON
    URM               -0.273      0.170     -1.605      0.109
    FEMALE            -0.036      0.134     -0.267      0.790

 C#3      ON
    URM               -0.016      0.273     -0.057      0.954
    FEMALE             0.361      0.225      1.602      0.109

 C#4      ON
    URM                0.420      0.186      2.251      0.024
    FEMALE            -0.383      0.159     -2.408      0.016

 Intercepts
    C#2                1.070      0.100     10.652      0.000
    C#3               -0.454      0.185     -2.454      0.014
    C#4                0.621      0.116      5.334      0.000

Parameterization using Reference Class 2

 C#1      ON
    URM                0.273      0.170      1.605      0.109
    FEMALE             0.036      0.134      0.267      0.790

 C#3      ON
    URM                0.258      0.229      1.124      0.261
    FEMALE             0.397      0.187      2.127      0.033

 C#4      ON
    URM                0.693      0.149      4.648      0.000
    FEMALE            -0.347      0.127     -2.735      0.006

 Intercepts
    C#1               -1.070      0.100    -10.652      0.000
    C#3               -1.524      0.156     -9.780      0.000
    C#4               -0.448      0.091     -4.954      0.000

Parameterization using Reference Class 3

 C#1      ON
    URM                0.016      0.273      0.057      0.954
    FEMALE            -0.361      0.225     -1.602      0.109

 C#2      ON
    URM               -0.258      0.229     -1.124      0.261
    FEMALE            -0.397      0.187     -2.127      0.033

 C#4      ON
    URM                0.435      0.231      1.886      0.059
    FEMALE            -0.744      0.198     -3.756      0.000

 Intercepts
    C#1                0.454      0.185      2.454      0.014
    C#2                1.524      0.156      9.780      0.000
    C#4                1.075      0.162      6.644      0.000


QUALITY OF NUMERICAL RESULTS

     Condition Number for the Information Matrix              0.134E-02
       (ratio of smallest to largest eigenvalue)


CONFIDENCE INTERVALS OF MODEL RESULTS

                  Lower .5%  Lower 2.5%    Lower 5%    Estimate    Upper 5%  Upper 2.5%   Upper .5%

Latent Class 1

 Means
    C4MOD#1          2.563       2.563       2.563       2.563       2.563       2.563       2.563
    C4MOD#2         -3.391      -3.391      -3.391      -3.391      -3.391      -3.391      -3.391
    C4MOD#3          0.215       0.215       0.215       0.215       0.215       0.215       0.215

Latent Class 2

 Means
    C4MOD#1         -5.405      -5.405      -5.405      -5.405      -5.405      -5.405      -5.405
    C4MOD#2          2.497       2.497       2.497       2.497       2.497       2.497       2.497
    C4MOD#3         -1.789      -1.789      -1.789      -1.789      -1.789      -1.789      -1.789

Latent Class 3

 Means
    C4MOD#1          0.095       0.095       0.095       0.095       0.095       0.095       0.095
    C4MOD#2          0.405       0.405       0.405       0.405       0.405       0.405       0.405
    C4MOD#3          1.947       1.947       1.947       1.947       1.947       1.947       1.947

Latent Class 4

 Means
    C4MOD#1         -3.124      -3.124      -3.124      -3.124      -3.124      -3.124      -3.124
    C4MOD#2         -2.140      -2.140      -2.140      -2.140      -2.140      -2.140      -2.140
    C4MOD#3         -3.830      -3.830      -3.830      -3.830      -3.830      -3.830      -3.830

Categorical Latent Variables

 C#1      ON
    FEMALE          -0.027       0.071       0.121       0.383       0.645       0.695       0.793
    URM             -0.900      -0.785      -0.726      -0.420      -0.113      -0.054       0.061

 C#2      ON
    FEMALE           0.020       0.098       0.138       0.347       0.556       0.596       0.674
    URM             -1.077      -0.985      -0.938      -0.693      -0.448      -0.401      -0.309

 C#3      ON
    FEMALE           0.234       0.356       0.418       0.744       1.070       1.132       1.254
    URM             -1.030      -0.888      -0.815      -0.435      -0.056       0.017       0.159

 Intercepts
    C#1             -0.921      -0.850      -0.813      -0.621      -0.430      -0.393      -0.321
    C#2              0.215       0.271       0.300       0.448       0.597       0.626       0.682
    C#3             -1.492      -1.393      -1.342      -1.075      -0.809      -0.758      -0.659

New/Additional Parameters
    A1V2            -0.309      -0.227      -0.185       0.036       0.256       0.298       0.381
    A1V3            -0.942      -0.803      -0.732      -0.361       0.010       0.081       0.220
    A2V3            -0.878      -0.763      -0.704      -0.397      -0.090      -0.031       0.084
    B1V2            -0.165      -0.061      -0.007       0.273       0.553       0.607       0.712
    B1V3            -0.687      -0.519      -0.433       0.016       0.464       0.550       0.718
    B2V3            -0.848      -0.707      -0.634      -0.258       0.119       0.192       0.333


CONFIDENCE INTERVALS FOR THE LOGISTIC REGRESSION ODDS RATIO RESULTS

Categorical Latent Variables

 C#1      ON
    FEMALE           0.974       1.074       1.129       1.467       1.905       2.003       2.209
    URM              0.407       0.456       0.484       0.657       0.893       0.947       1.062

 C#2      ON
    FEMALE           1.020       1.103       1.148       1.415       1.744       1.815       1.963
    URM              0.341       0.373       0.391       0.500       0.639       0.670       0.734

 C#3      ON
    FEMALE           1.263       1.427       1.519       2.105       2.916       3.103       3.506
    URM              0.357       0.412       0.443       0.647       0.946       1.017       1.172


RESIDUAL OUTPUT


     ESTIMATED MODEL AND RESIDUALS (OBSERVED - ESTIMATED) FOR CLASS 1


           Model Estimated Means
              URM           FEMALE
              ________      ________
 1              0.208         0.509


           Residuals for Means
              URM           FEMALE
              ________      ________
 1              0.000         0.000


           Model Estimated Covariances
              URM           FEMALE
              ________      ________
 URM            0.165
 FEMALE         0.000         0.250


           Residuals for Covariances
              URM           FEMALE
              ________      ________
 URM            0.000
 FEMALE         0.000         0.000


     ESTIMATED MODEL AND RESIDUALS (OBSERVED - ESTIMATED) FOR CLASS 2


           Model Estimated Means
              URM           FEMALE
              ________      ________
 1              0.167         0.500


           Residuals for Means
              URM           FEMALE
              ________      ________
 1              0.000         0.000


           Model Estimated Covariances
              URM           FEMALE
              ________      ________
 URM            0.139
 FEMALE         0.000         0.250


           Residuals for Covariances
              URM           FEMALE
              ________      ________
 URM            0.000
 FEMALE         0.000         0.000


     ESTIMATED MODEL AND RESIDUALS (OBSERVED - ESTIMATED) FOR CLASS 3


           Model Estimated Means
              URM           FEMALE
              ________      ________
 1              0.205         0.598


           Residuals for Means
              URM           FEMALE
              ________      ________
 1              0.000         0.000


           Model Estimated Covariances
              URM           FEMALE
              ________      ________
 URM            0.163
 FEMALE         0.010         0.240


           Residuals for Covariances
              URM           FEMALE
              ________      ________
 URM            0.000
 FEMALE         0.000         0.000


     ESTIMATED MODEL AND RESIDUALS (OBSERVED - ESTIMATED) FOR CLASS 4


           Model Estimated Means
              URM           FEMALE
              ________      ________
 1              0.286         0.414


           Residuals for Means
              URM           FEMALE
              ________      ________
 1              0.000         0.000


           Model Estimated Covariances
              URM           FEMALE
              ________      ________
 URM            0.204
 FEMALE         0.000         0.243


           Residuals for Covariances
              URM           FEMALE
              ________      ________
 URM            0.000
 FEMALE         0.000         0.000


     UNIVARIATE DISTRIBUTION FIT FOR CLASS 1

     Variable          Observed      Estimated      Residual (Obs.-Est.)    Stand. Residual
     C4MOD
       Category 0        0.851          0.851                  0.000                0.001
       Category 1        0.002          0.002                  0.000                0.000
       Category 2        0.081          0.081                  0.000                0.000
       Category 3        0.066          0.066                  0.000               -0.002


     UNIVARIATE DISTRIBUTION FIT FOR CLASS 2

     Variable          Observed      Estimated      Residual (Obs.-Est.)    Stand. Residual
     C4MOD
       Category 0        0.000          0.000                  0.000                0.000
       Category 1        0.912          0.912                  0.000                0.001
       Category 2        0.013          0.013                  0.000                0.007
       Category 3        0.075          0.075                  0.000               -0.004


     UNIVARIATE DISTRIBUTION FIT FOR CLASS 3

     Variable          Observed      Estimated      Residual (Obs.-Est.)    Stand. Residual
     C4MOD
       Category 0        0.104          0.104                  0.000                0.000
       Category 1        0.141          0.141                  0.000               -0.002
       Category 2        0.661          0.661                  0.000                0.003
       Category 3        0.094          0.094                  0.000               -0.003


     UNIVARIATE DISTRIBUTION FIT FOR CLASS 4

     Variable          Observed      Estimated      Residual (Obs.-Est.)    Stand. Residual
     C4MOD
       Category 0        0.037          0.037                  0.000                0.009
       Category 1        0.100          0.099                  0.000                0.008
       Category 2        0.018          0.018                  0.000               -0.025
       Category 3        0.845          0.845                  0.000               -0.002


DIAGRAM INFORMATION

  Mplus diagrams are currently not available for Mixture analysis.
  No diagram output was produced.


     Beginning Time:  19:12:30
        Ending Time:  19:12:33
       Elapsed Time:  00:00:03



MUTHEN & MUTHEN
3463 Stoner Ave.
Los Angeles, CA  90066

Tel: (310) 391-9971
Fax: (310) 391-8971
Web: www.StatModel.com
Support: Support@StatModel.com

Copyright (c) 1998-2015 Muthen & Muthen
