Mplus VERSION 8.4 (Mac)
MUTHEN & MUTHEN
05/08/2020  12:04 PM

INPUT INSTRUCTIONS

  TITLE:
  C6_model_ucues12
  DATA:
  FILE = "/Users/agarber/Dropbox/adam garber/UCUES/enum_2012/enum_ucues2012.dat";

  VARIABLE:
  NAMES = id level eth_undr female cum_gpa p1_b p2_b p3_b p4_b p5_b p6_b p7_b;
   MISSING=.;
   categorical = p1_b-p7_b;
  usevar = p1_b-p7_b;

  classes = c(6);
  ANALYSIS:
  estimator = mlr;
      type = mixture;
      starts = 500 100;
      stseed = 5082020; ! to avoid re-arranging of classes
      processors=10;
      lrtstarts= 10 2 100 50;
  OUTPUT:
  sampstat residual tech11 tech14;
  PLOT:
  type = plot3;
      series = p1_b-p7_b(*);



*** WARNING in OUTPUT command
  SAMPSTAT option is not available when all outcomes are censored, ordered
  categorical, unordered categorical (nominal), count or continuous-time
  survival variables.  Request for SAMPSTAT is ignored.
*** WARNING
  Data set contains cases with missing on all variables.
  These cases were not included in the analysis.
  Number of cases with missing on all variables:  109
   2 WARNING(S) FOUND IN THE INPUT INSTRUCTIONS




C6_model_ucues12

SUMMARY OF ANALYSIS

Number of groups                                                 1
Number of observations                                        5156

Number of dependent variables                                    7
Number of independent variables                                  0
Number of continuous latent variables                            0
Number of categorical latent variables                           1

Observed dependent variables

  Binary and ordered categorical (ordinal)
   P1_B        P2_B        P3_B        P4_B        P5_B        P6_B
   P7_B

Categorical latent variables
   C


Estimator                                                      MLR
Information matrix                                        OBSERVED
Optimization Specifications for the Quasi-Newton Algorithm for
Continuous Outcomes
  Maximum number of iterations                                 100
  Convergence criterion                                  0.100D-05
Optimization Specifications for the EM Algorithm
  Maximum number of iterations                                 500
  Convergence criteria
    Loglikelihood change                                 0.100D-06
    Relative loglikelihood change                        0.100D-06
    Derivative                                           0.100D-05
Optimization Specifications for the M step of the EM Algorithm for
Categorical Latent variables
  Number of M step iterations                                    1
  M step convergence criterion                           0.100D-05
  Basis for M step termination                           ITERATION
Optimization Specifications for the M step of the EM Algorithm for
Censored, Binary or Ordered Categorical (Ordinal), Unordered
Categorical (Nominal) and Count Outcomes
  Number of M step iterations                                    1
  M step convergence criterion                           0.100D-05
  Basis for M step termination                           ITERATION
  Maximum value for logit thresholds                            15
  Minimum value for logit thresholds                           -15
  Minimum expected cell size for chi-square              0.100D-01
Maximum number of iterations for H1                           2000
Convergence criterion for H1                             0.100D-03
Optimization algorithm                                         EMA
Random Starts Specifications
  Number of initial stage random starts                        500
  Number of final stage optimizations                          100
  Number of initial stage iterations                            10
  Initial stage convergence criterion                    0.100D+01
  Random starts scale                                    0.500D+01
  Random seed for generating random starts                 5082020
Link                                                         LOGIT

Input data file(s)
  /Users/agarber/Dropbox/adam garber/UCUES/enum_2012/enum_ucues2012.dat
Input data format  FREE


SUMMARY OF DATA

     Number of missing data patterns            29
     Number of y missing data patterns           0
     Number of u missing data patterns          29


COVARIANCE COVERAGE OF DATA

Minimum covariance coverage value   0.100


     PROPORTION OF DATA PRESENT FOR U


           Covariance Coverage
              P1_B          P2_B          P3_B          P4_B          P5_B
              ________      ________      ________      ________      ________
 P1_B           0.997
 P2_B           0.995         0.996
 P3_B           0.993         0.993         0.996
 P4_B           0.993         0.992         0.993         0.996
 P5_B           0.994         0.993         0.993         0.993         0.996
 P6_B           0.992         0.991         0.991         0.991         0.992
 P7_B           0.991         0.990         0.990         0.990         0.990


           Covariance Coverage
              P6_B          P7_B
              ________      ________
 P6_B           0.994
 P7_B           0.989         0.993


UNIVARIATE PROPORTIONS AND COUNTS FOR CATEGORICAL VARIABLES

    P1_B
      Category 1    0.727         3734.000
      Category 2    0.273         1404.000
    P2_B
      Category 1    0.717         3682.000
      Category 2    0.283         1455.000
    P3_B
      Category 1    0.632         3245.000
      Category 2    0.368         1889.000
    P4_B
      Category 1    0.630         3233.000
      Category 2    0.370         1900.000
    P5_B
      Category 1    0.635         3261.000
      Category 2    0.365         1876.000
    P6_B
      Category 1    0.681         3489.000
      Category 2    0.319         1636.000
    P7_B
      Category 1    0.752         3849.000
      Category 2    0.248         1270.000


RANDOM STARTS RESULTS RANKED FROM THE BEST TO THE WORST LOGLIKELIHOOD VALUES

Final stage loglikelihood values at local maxima, seeds, and initial stage start numbers:

          -16828.418  477170           143
          -16828.418  898661           330
          -16828.418  9982             296
          -16828.418  929664           57
          -16828.418  21143            26
          -16828.418  357059           294
          -16828.418  102111           204
          -16828.418  809878           383
          -16828.418  616791           497
          -16828.418  155057           389
          -16828.418  13854            124
          -16828.418  804587           280
          -16828.418  65169            198
          -16828.418  162224           171
          -16828.418  273119           5
          -16828.418  990783           58
          -16828.418  887831           231
          -16828.418  79726            398
          -16828.418  800938           82
          -16828.418  916776           324
          -16828.418  24932            238
          -16828.418  413160           216
          -16828.418  532474           157
          -16828.418  441208           49
          -16828.418  484726           302
          -16828.418  891247           429
          -16828.418  717235           379

73 perturbed starting value run(s) did not converge or were rejected in the third stage.



THE BEST LOGLIKELIHOOD VALUE HAS BEEN REPLICATED.  RERUN WITH AT LEAST TWICE THE
RANDOM STARTS TO CHECK THAT THE BEST LOGLIKELIHOOD IS STILL OBTAINED AND REPLICATED.

     IN THE OPTIMIZATION, ONE OR MORE LOGIT THRESHOLDS APPROACHED EXTREME VALUES
     OF -15.000 AND 15.000 AND WERE FIXED TO STABILIZE MODEL ESTIMATION.  THESE
     VALUES IMPLY PROBABILITIES OF 0 AND 1.  IN THE MODEL RESULTS SECTION, THESE
     PARAMETERS HAVE 0 STANDARD ERRORS AND 999 IN THE Z-SCORE AND P-VALUE COLUMNS.




THE MODEL ESTIMATION TERMINATED NORMALLY



MODEL FIT INFORMATION

Number of Free Parameters                       47

Loglikelihood

          H0 Value                      -16828.418
          H0 Scaling Correction Factor      1.1112
            for MLR

Information Criteria

          Akaike (AIC)                   33750.836
          Bayesian (BIC)                 34058.588
          Sample-Size Adjusted BIC       33909.238
            (n* = (n + 2) / 24)

Chi-Square Test of Model Fit for the Binary and Ordered Categorical
(Ordinal) Outcomes**

          Pearson Chi-Square

          Value                            276.057
          Degrees of Freedom                    79
          P-Value                           0.0000

          Likelihood Ratio Chi-Square

          Value                            228.795
          Degrees of Freedom                    79
          P-Value                           0.0000

** Of the 958 cells in the latent class indicator table, 1
   were deleted in the calculation of chi-square due to extreme values.

Chi-Square Test for MCAR under the Unrestricted Latent Class Indicator Model

          Pearson Chi-Square

          Value                            675.055
          Degrees of Freedom                   802
          P-Value                           0.9996

          Likelihood Ratio Chi-Square

          Value                            269.779
          Degrees of Freedom                   802
          P-Value                           1.0000



FINAL CLASS COUNTS AND PROPORTIONS FOR THE LATENT CLASSES
BASED ON THE ESTIMATED MODEL

    Latent
   Classes

       1       1037.12482          0.20115
       2        481.52392          0.09339
       3       2419.08273          0.46918
       4        345.34949          0.06698
       5        549.02170          0.10648
       6        323.89734          0.06282


FINAL CLASS COUNTS AND PROPORTIONS FOR THE LATENT CLASSES
BASED ON ESTIMATED POSTERIOR PROBABILITIES

    Latent
   Classes

       1       1037.12482          0.20115
       2        481.52392          0.09339
       3       2419.08273          0.46918
       4        345.34949          0.06698
       5        549.02170          0.10648
       6        323.89734          0.06282


FINAL CLASS COUNTS AND PROPORTIONS FOR THE LATENT CLASSES
BASED ON THEIR MOST LIKELY LATENT CLASS MEMBERSHIP

Class Counts and Proportions

    Latent
   Classes

       1             1044          0.20248
       2              453          0.08786
       3             2536          0.49185
       4              268          0.05198
       5              581          0.11268
       6              274          0.05314


CLASSIFICATION QUALITY

     Entropy                         0.844


Classification Probabilities for the Most Likely Latent Class Membership (Column)
by Latent Class (Row)

           1        2        3        4        5        6

    1   0.846    0.027    0.086    0.013    0.008    0.020
    2   0.063    0.779    0.095    0.025    0.006    0.031
    3   0.014    0.006    0.974    0.000    0.000    0.005
    4   0.186    0.019    0.000    0.699    0.095    0.001
    5   0.015    0.005    0.000    0.001    0.973    0.005
    6   0.091    0.077    0.135    0.000    0.007    0.690


Logits for the Classification Probabilities for the Most Likely Latent Class Membership (Column)
by Latent Class (Row)

              1        2        3        4        5        6

    1      3.744    0.305    1.457   -0.416   -0.895    0.000
    2      0.709    3.218    1.115   -0.216   -1.574    0.000
    3      1.064    0.268    5.292   -8.498   -4.439    0.000
    4      5.745    3.459   -0.592    7.069    5.077    0.000
    5      1.108    0.056   -5.460   -1.246    5.266    0.000
    6     -2.023   -2.193   -1.629   -8.043   -4.644    0.000


MODEL RESULTS

                                                    Two-Tailed
                    Estimate       S.E.  Est./S.E.    P-Value

Latent Class 1

 Thresholds
    P1_B$1             1.105      0.142      7.785      0.000
    P2_B$1             0.994      0.144      6.896      0.000
    P3_B$1            -1.366      0.142     -9.613      0.000
    P4_B$1            -1.604      0.187     -8.579      0.000
    P5_B$1             0.012      0.080      0.155      0.877
    P6_B$1             1.439      0.186      7.750      0.000
    P7_B$1             2.070      0.229      9.059      0.000

Latent Class 2

 Thresholds
    P1_B$1             1.004      0.222      4.529      0.000
    P2_B$1             0.850      0.227      3.746      0.000
    P3_B$1             1.839      0.231      7.949      0.000
    P4_B$1             1.948      0.452      4.306      0.000
    P5_B$1             0.125      0.127      0.985      0.324
    P6_B$1            -4.093      3.032     -1.350      0.177
    P7_B$1            -0.257      0.186     -1.383      0.167

Latent Class 3

 Thresholds
    P1_B$1             2.636      0.173     15.237      0.000
    P2_B$1             2.823      0.289      9.777      0.000
    P3_B$1             3.272      0.193     16.983      0.000
    P4_B$1             3.862      0.300     12.884      0.000
    P5_B$1             2.276      0.092     24.610      0.000
    P6_B$1             3.708      0.363     10.200      0.000
    P7_B$1             4.552      0.295     15.413      0.000

Latent Class 4

 Thresholds
    P1_B$1             1.211      0.166      7.312      0.000
    P2_B$1             1.850      0.940      1.967      0.049
    P3_B$1            -2.603      0.639     -4.077      0.000
    P4_B$1           -15.000      0.000    999.000    999.000
    P5_B$1            -1.567      0.207     -7.559      0.000
    P6_B$1            -2.908      0.916     -3.175      0.001
    P7_B$1            -1.762      0.461     -3.818      0.000

Latent Class 5

 Thresholds
    P1_B$1            -2.951      0.987     -2.991      0.003
    P2_B$1           -15.000      0.000    999.000    999.000
    P3_B$1            -4.087      0.553     -7.385      0.000
    P4_B$1            -4.020      0.466     -8.632      0.000
    P5_B$1            -3.462      0.366     -9.447      0.000
    P6_B$1            -3.242      0.322    -10.074      0.000
    P7_B$1            -2.725      0.227    -12.024      0.000

Latent Class 6

 Thresholds
    P1_B$1            -1.384      0.801     -1.727      0.084
    P2_B$1            -2.737      2.111     -1.297      0.195
    P3_B$1             1.606      0.592      2.711      0.007
    P4_B$1             1.641      0.668      2.456      0.014
    P5_B$1             0.824      0.191      4.303      0.000
    P6_B$1             1.504      0.581      2.590      0.010
    P7_B$1             1.550      0.510      3.041      0.002

Categorical Latent Variables

 Means
    C#1                1.164      0.207      5.633      0.000
    C#2                0.397      0.249      1.594      0.111
    C#3                2.011      0.209      9.643      0.000
    C#4                0.064      0.278      0.230      0.818
    C#5                0.528      0.202      2.612      0.009


RESULTS IN PROBABILITY SCALE

Latent Class 1

 P1_B
    Category 1         0.751      0.027     28.318      0.000
    Category 2         0.249      0.027      9.383      0.000
 P2_B
    Category 1         0.730      0.028     25.679      0.000
    Category 2         0.270      0.028      9.500      0.000
 P3_B
    Category 1         0.203      0.023      8.832      0.000
    Category 2         0.797      0.023     34.623      0.000
 P4_B
    Category 1         0.167      0.026      6.426      0.000
    Category 2         0.833      0.026     31.943      0.000
 P5_B
    Category 1         0.503      0.020     25.222      0.000
    Category 2         0.497      0.020     24.912      0.000
 P6_B
    Category 1         0.808      0.029     28.093      0.000
    Category 2         0.192      0.029      6.663      0.000
 P7_B
    Category 1         0.888      0.023     39.064      0.000
    Category 2         0.112      0.023      4.927      0.000

Latent Class 2

 P1_B
    Category 1         0.732      0.044     16.822      0.000
    Category 2         0.268      0.044      6.162      0.000
 P2_B
    Category 1         0.701      0.048     14.715      0.000
    Category 2         0.299      0.048      6.288      0.000
 P3_B
    Category 1         0.863      0.027     31.509      0.000
    Category 2         0.137      0.027      5.010      0.000
 P4_B
    Category 1         0.875      0.049     17.715      0.000
    Category 2         0.125      0.049      2.526      0.012
 P5_B
    Category 1         0.531      0.032     16.835      0.000
    Category 2         0.469      0.032     14.859      0.000
 P6_B
    Category 1         0.016      0.049      0.335      0.737
    Category 2         0.984      0.049     20.086      0.000
 P7_B
    Category 1         0.436      0.046      9.537      0.000
    Category 2         0.564      0.046     12.333      0.000

Latent Class 3

 P1_B
    Category 1         0.933      0.011     86.453      0.000
    Category 2         0.067      0.011      6.195      0.000
 P2_B
    Category 1         0.944      0.015     61.759      0.000
    Category 2         0.056      0.015      3.669      0.000
 P3_B
    Category 1         0.963      0.007    142.025      0.000
    Category 2         0.037      0.007      5.387      0.000
 P4_B
    Category 1         0.979      0.006    161.984      0.000
    Category 2         0.021      0.006      3.406      0.001
 P5_B
    Category 1         0.907      0.008    116.092      0.000
    Category 2         0.093      0.008     11.925      0.000
 P6_B
    Category 1         0.976      0.008    114.871      0.000
    Category 2         0.024      0.008      2.819      0.005
 P7_B
    Category 1         0.990      0.003    324.516      0.000
    Category 2         0.010      0.003      3.421      0.001

Latent Class 4

 P1_B
    Category 1         0.771      0.029     26.305      0.000
    Category 2         0.229      0.029      7.833      0.000
 P2_B
    Category 1         0.864      0.110      7.827      0.000
    Category 2         0.136      0.110      1.231      0.218
 P3_B
    Category 1         0.069      0.041      1.682      0.093
    Category 2         0.931      0.041     22.719      0.000
 P4_B
    Category 1         0.000      0.000      0.000      1.000
    Category 2         1.000      0.000      0.000      1.000
 P5_B
    Category 1         0.173      0.030      5.829      0.000
    Category 2         0.827      0.030     27.943      0.000
 P6_B
    Category 1         0.052      0.045      1.151      0.250
    Category 2         0.948      0.045     21.095      0.000
 P7_B
    Category 1         0.147      0.058      2.539      0.011
    Category 2         0.853      0.058     14.787      0.000

Latent Class 5

 P1_B
    Category 1         0.050      0.047      1.066      0.286
    Category 2         0.950      0.047     20.399      0.000
 P2_B
    Category 1         0.000      0.000      0.000      1.000
    Category 2         1.000      0.000      0.000      1.000
 P3_B
    Category 1         0.017      0.009      1.837      0.066
    Category 2         0.983      0.009    109.420      0.000
 P4_B
    Category 1         0.018      0.008      2.186      0.029
    Category 2         0.982      0.008    121.751      0.000
 P5_B
    Category 1         0.030      0.011      2.814      0.005
    Category 2         0.970      0.011     89.753      0.000
 P6_B
    Category 1         0.038      0.012      3.229      0.001
    Category 2         0.962      0.012     82.587      0.000
 P7_B
    Category 1         0.061      0.013      4.701      0.000
    Category 2         0.939      0.013     71.742      0.000

Latent Class 6

 P1_B
    Category 1         0.200      0.128      1.561      0.119
    Category 2         0.800      0.128      6.229      0.000
 P2_B
    Category 1         0.061      0.121      0.504      0.614
    Category 2         0.939      0.121      7.792      0.000
 P3_B
    Category 1         0.833      0.082     10.099      0.000
    Category 2         0.167      0.082      2.027      0.043
 P4_B
    Category 1         0.838      0.091      9.220      0.000
    Category 2         0.162      0.091      1.786      0.074
 P5_B
    Category 1         0.695      0.041     17.128      0.000
    Category 2         0.305      0.041      7.515      0.000
 P6_B
    Category 1         0.818      0.086      9.471      0.000
    Category 2         0.182      0.086      2.104      0.035
 P7_B
    Category 1         0.825      0.074     11.205      0.000
    Category 2         0.175      0.074      2.378      0.017


LATENT CLASS ODDS RATIO RESULTS

                                         (Est. - 1) Two-Tailed
                    Estimate       S.E.     / S.E.    P-Value

Latent Class 1 Compared to Latent Class 2

 P1_B
    Category > 1       0.905      0.194     -0.491      0.623
 P2_B
    Category > 1       0.866      0.191     -0.702      0.483
 P3_B
    Category > 1      24.656      6.337      3.733      0.000
 P4_B
    Category > 1      34.868     16.322      2.075      0.038
 P5_B
    Category > 1       1.119      0.171      0.696      0.486
 P6_B
    Category > 1       0.004      0.012    -82.620      0.000
 P7_B
    Category > 1       0.098      0.027    -33.743      0.000

Latent Class 1 Compared to Latent Class 3

 P1_B
    Category > 1       4.624      1.206      3.004      0.003
 P2_B
    Category > 1       6.228      2.404      2.174      0.030
 P3_B
    Category > 1     103.346     22.386      4.572      0.000
 P4_B
    Category > 1     236.389     74.140      3.175      0.001
 P5_B
    Category > 1       9.616      1.183      7.281      0.000
 P6_B
    Category > 1       9.666      3.791      2.286      0.022
 P7_B
    Category > 1      11.964      4.156      2.638      0.008

Latent Class 1 Compared to Latent Class 4

 P1_B
    Category > 1       1.113      0.273      0.413      0.680
 P2_B
    Category > 1       2.353      2.381      0.568      0.570
 P3_B
    Category > 1       0.290      0.185     -3.845      0.000
 P4_B
    Category > 1       0.000      0.000    999.000    999.000
 P5_B
    Category > 1       0.206      0.045    -17.743      0.000
 P6_B
    Category > 1       0.013      0.012    -82.052      0.000
 P7_B
    Category > 1       0.022      0.011    -86.160      0.000

Latent Class 1 Compared to Latent Class 5

 P1_B
    Category > 1       0.017      0.018    -54.898      0.000
 P2_B
    Category > 1       0.000      0.000    999.000    999.000
 P3_B
    Category > 1       0.066      0.038    -24.518      0.000
 P4_B
    Category > 1       0.089      0.046    -19.994      0.000
 P5_B
    Category > 1       0.031      0.012    -84.002      0.000
 P6_B
    Category > 1       0.009      0.003   -286.557      0.000
 P7_B
    Category > 1       0.008      0.003   -378.461      0.000

Latent Class 1 Compared to Latent Class 6

 P1_B
    Category > 1       0.083      0.074    -12.449      0.000
 P2_B
    Category > 1       0.024      0.052    -18.733      0.000
 P3_B
    Category > 1      19.535     12.485      1.485      0.138
 P4_B
    Category > 1      25.662     19.080      1.293      0.196
 P5_B
    Category > 1       2.251      0.475      2.634      0.008
 P6_B
    Category > 1       1.067      0.645      0.104      0.917
 P7_B
    Category > 1       0.594      0.382     -1.061      0.289

Latent Class 2 Compared to Latent Class 3

 P1_B
    Category > 1       5.112      1.703      2.414      0.016
 P2_B
    Category > 1       7.193      3.230      1.917      0.055
 P3_B
    Category > 1       4.191      1.103      2.892      0.004
 P4_B
    Category > 1       6.780      3.389      1.706      0.088
 P5_B
    Category > 1       8.593      1.392      5.455      0.000
 P6_B
    Category > 1    2440.996   7244.979      0.337      0.736
 P7_B
    Category > 1     122.656     39.656      3.068      0.002

Latent Class 2 Compared to Latent Class 4

 P1_B
    Category > 1       1.230      0.365      0.631      0.528
 P2_B
    Category > 1       2.718      2.809      0.612      0.541
 P3_B
    Category > 1       0.012      0.008   -129.807      0.000
 P4_B
    Category > 1       0.000      0.000    999.000    999.000
 P5_B
    Category > 1       0.184      0.046    -17.851      0.000
 P6_B
    Category > 1       3.269      9.651      0.235      0.814
 P7_B
    Category > 1       0.222      0.107     -7.279      0.000

Latent Class 2 Compared to Latent Class 5

 P1_B
    Category > 1       0.019      0.020    -48.519      0.000
 P2_B
    Category > 1       0.000      0.000    999.000    999.000
 P3_B
    Category > 1       0.003      0.002   -587.972      0.000
 P4_B
    Category > 1       0.003      0.002   -577.170      0.000
 P5_B
    Category > 1       0.028      0.011    -88.100      0.000
 P6_B
    Category > 1       2.342      7.230      0.186      0.853
 P7_B
    Category > 1       0.085      0.025    -36.162      0.000

Latent Class 2 Compared to Latent Class 6

 P1_B
    Category > 1       0.092      0.086    -10.501      0.000
 P2_B
    Category > 1       0.028      0.061    -15.846      0.000
 P3_B
    Category > 1       0.792      0.570     -0.365      0.715
 P4_B
    Category > 1       0.736      0.720     -0.367      0.714
 P5_B
    Category > 1       2.012      0.485      2.085      0.037
 P6_B
    Category > 1     269.542    894.828      0.300      0.764
 P7_B
    Category > 1       6.095      3.756      1.356      0.175

Latent Class 3 Compared to Latent Class 4

 P1_B
    Category > 1       0.241      0.054    -14.081      0.000
 P2_B
    Category > 1       0.378      0.338     -1.839      0.066
 P3_B
    Category > 1       0.003      0.002   -541.563      0.000
 P4_B
    Category > 1       0.000      0.000    999.000    999.000
 P5_B
    Category > 1       0.021      0.005   -200.004      0.000
 P6_B
    Category > 1       0.001      0.001   -772.331      0.000
 P7_B
    Category > 1       0.002      0.001   -991.433      0.000

Latent Class 3 Compared to Latent Class 5

 P1_B
    Category > 1       0.004      0.004   -275.753      0.000
 P2_B
    Category > 1       0.000      0.000    999.000    999.000
 P3_B
    Category > 1       0.001      0.000  -2627.117      0.000
 P4_B
    Category > 1       0.000      0.000  -4708.137      0.000
 P5_B
    Category > 1       0.003      0.001   -850.428      0.000
 P6_B
    Category > 1       0.001      0.000  -2053.025      0.000
 P7_B
    Category > 1       0.001      0.000  -3859.719      0.000

Latent Class 3 Compared to Latent Class 6

 P1_B
    Category > 1       0.018      0.012    -78.621      0.000
 P2_B
    Category > 1       0.004      0.007   -134.897      0.000
 P3_B
    Category > 1       0.189      0.124     -6.554      0.000
 P4_B
    Category > 1       0.109      0.084    -10.564      0.000
 P5_B
    Category > 1       0.234      0.050    -15.365      0.000
 P6_B
    Category > 1       0.110      0.088    -10.105      0.000
 P7_B
    Category > 1       0.050      0.031    -30.485      0.000

Latent Class 4 Compared to Latent Class 5

 P1_B
    Category > 1       0.016      0.015    -64.548      0.000
 P2_B
    Category > 1       0.000      0.000    999.000    999.000
 P3_B
    Category > 1       0.227      0.214     -3.605      0.000
 P4_B
    Category > 1   58684.609      0.000    999.000    999.000
 P5_B
    Category > 1       0.150      0.063    -13.481      0.000
 P6_B
    Category > 1       0.716      0.700     -0.405      0.685
 P7_B
    Category > 1       0.382      0.195     -3.167      0.002

Latent Class 4 Compared to Latent Class 6

 P1_B
    Category > 1       0.075      0.059    -15.719      0.000
 P2_B
    Category > 1       0.010      0.021    -46.980      0.000
 P3_B
    Category > 1      67.306     68.511      0.968      0.333
 P4_B
    Category > 1   *********      0.000    999.000    999.000
 P5_B
    Category > 1      10.926      3.084      3.219      0.001
 P6_B
    Category > 1      82.457     98.864      0.824      0.410
 P7_B
    Category > 1      27.445     17.901      1.477      0.140

Latent Class 5 Compared to Latent Class 6

 P1_B
    Category > 1       4.794      5.283      0.718      0.473
 P2_B
    Category > 1   *********      0.000    999.000    999.000
 P3_B
    Category > 1     296.775    186.283      1.588      0.112
 P4_B
    Category > 1     287.581    200.887      1.427      0.154
 P5_B
    Category > 1      72.695     28.602      2.507      0.012
 P6_B
    Category > 1     115.101     68.383      1.669      0.095
 P7_B
    Category > 1      71.927     38.764      1.830      0.067


QUALITY OF NUMERICAL RESULTS

     Condition Number for the Information Matrix              0.986E-04
       (ratio of smallest to largest eigenvalue)


RESIDUAL OUTPUT


     UNIVARIATE DISTRIBUTION FIT FOR CLASS 1

     Variable          Observed      Estimated      Residual (Obs.-Est.)    Stand. Residual
     P1_B
       Category 1        0.751          0.751                  0.000                0.000
       Category 2        0.249          0.249                  0.000                0.000
     P2_B
       Category 1        0.730          0.730                  0.000                0.000
       Category 2        0.270          0.270                  0.000                0.000
     P3_B
       Category 1        0.203          0.203                  0.000                0.000
       Category 2        0.797          0.797                  0.000                0.000
     P4_B
       Category 1        0.167          0.167                  0.000                0.000
       Category 2        0.833          0.833                  0.000                0.000
     P5_B
       Category 1        0.503          0.503                  0.000                0.000
       Category 2        0.497          0.497                  0.000                0.000
     P6_B
       Category 1        0.808          0.808                  0.000                0.000
       Category 2        0.192          0.192                  0.000                0.000
     P7_B
       Category 1        0.888          0.888                  0.000                0.000
       Category 2        0.112          0.112                  0.000                0.000


     BIVARIATE DISTRIBUTIONS FIT FOR CLASS 1

     Variable       Variable          Observed     Estimated    Residual (Obs.-Est.)  Stand. Residual
     P1_B           P2_B
       Category 1     Category 1        0.588       0.548             0.039            2.548
       Category 1     Category 2        0.163       0.203            -0.040           -3.187
       Category 2     Category 1        0.142       0.182            -0.039           -3.277
       Category 2     Category 2        0.107       0.067             0.040            5.099
     P1_B           P3_B
       Category 1     Category 1        0.155       0.153             0.002            0.185
       Category 1     Category 2        0.597       0.598            -0.001           -0.066
       Category 2     Category 1        0.050       0.051            -0.001           -0.154
       Category 2     Category 2        0.198       0.198             0.000           -0.001
     P1_B           P4_B
       Category 1     Category 1        0.132       0.126             0.006            0.579
       Category 1     Category 2        0.618       0.625            -0.007           -0.465
       Category 2     Category 1        0.036       0.042            -0.005           -0.843
       Category 2     Category 2        0.213       0.207             0.006            0.497
     P1_B           P5_B
       Category 1     Category 1        0.381       0.378             0.003            0.202
       Category 1     Category 2        0.371       0.373            -0.003           -0.169
       Category 2     Category 1        0.121       0.125            -0.004           -0.401
       Category 2     Category 2        0.127       0.124             0.004            0.354
     P1_B           P6_B
       Category 1     Category 1        0.604       0.607            -0.003           -0.193
       Category 1     Category 2        0.148       0.144             0.004            0.375
       Category 2     Category 1        0.203       0.201             0.002            0.173
       Category 2     Category 2        0.044       0.048            -0.003           -0.499
     P1_B           P7_B
       Category 1     Category 1        0.671       0.667             0.004            0.307
       Category 1     Category 2        0.081       0.084            -0.003           -0.385
       Category 2     Category 1        0.216       0.221            -0.005           -0.380
       Category 2     Category 2        0.032       0.028             0.004            0.728
     P2_B           P3_B
       Category 1     Category 1        0.154       0.148             0.006            0.539
       Category 1     Category 2        0.575       0.582            -0.006           -0.415
       Category 2     Category 1        0.049       0.055            -0.006           -0.806
       Category 2     Category 2        0.221       0.215             0.006            0.479
     P2_B           P4_B
       Category 1     Category 1        0.128       0.122             0.006            0.576
       Category 1     Category 2        0.602       0.608            -0.006           -0.378
       Category 2     Category 1        0.039       0.045            -0.006           -0.999
       Category 2     Category 2        0.231       0.225             0.006            0.487
     P2_B           P5_B
       Category 1     Category 1        0.369       0.367             0.002            0.122
       Category 1     Category 2        0.361       0.363            -0.001           -0.092
       Category 2     Category 1        0.134       0.136            -0.002           -0.181
       Category 2     Category 2        0.136       0.134             0.001            0.140
     P2_B           P6_B
       Category 1     Category 1        0.587       0.590            -0.003           -0.187
       Category 1     Category 2        0.143       0.140             0.003            0.284
       Category 2     Category 1        0.221       0.218             0.003            0.220
       Category 2     Category 2        0.049       0.052            -0.003           -0.440
     P2_B           P7_B
       Category 1     Category 1        0.650       0.648             0.002            0.101
       Category 1     Category 2        0.081       0.082            -0.001           -0.080
       Category 2     Category 1        0.238       0.240            -0.002           -0.139
       Category 2     Category 2        0.031       0.030             0.001            0.192
     P3_B           P4_B
       Category 1     Category 1        0.036       0.034             0.002            0.308
       Category 1     Category 2        0.168       0.169            -0.002           -0.144
       Category 2     Category 1        0.132       0.133            -0.002           -0.173
       Category 2     Category 2        0.665       0.663             0.002            0.121
     P3_B           P5_B
       Category 1     Category 1        0.091       0.102            -0.011           -1.145
       Category 1     Category 2        0.111       0.101             0.010            1.120
       Category 2     Category 1        0.413       0.401             0.012            0.795
       Category 2     Category 2        0.384       0.396            -0.012           -0.778
     P3_B           P6_B
       Category 1     Category 1        0.166       0.164             0.001            0.120
       Category 1     Category 2        0.037       0.039            -0.002           -0.300
       Category 2     Category 1        0.643       0.644            -0.001           -0.070
       Category 2     Category 2        0.154       0.153             0.001            0.131
     P3_B           P7_B
       Category 1     Category 1        0.183       0.180             0.003            0.247
       Category 1     Category 2        0.020       0.023            -0.003           -0.667
       Category 2     Category 1        0.705       0.708            -0.003           -0.184
       Category 2     Category 2        0.092       0.089             0.003            0.310
     P4_B           P5_B
       Category 1     Category 1        0.085       0.084             0.001            0.110
       Category 1     Category 2        0.083       0.083            -0.001           -0.070
       Category 2     Category 1        0.417       0.419            -0.001           -0.095
       Category 2     Category 2        0.415       0.414             0.001            0.073
     P4_B           P6_B
       Category 1     Category 1        0.133       0.135            -0.002           -0.213
       Category 1     Category 2        0.035       0.032             0.003            0.526
       Category 2     Category 1        0.676       0.673             0.003            0.181
       Category 2     Category 2        0.156       0.160            -0.003           -0.286
     P4_B           P7_B
       Category 1     Category 1        0.153       0.149             0.004            0.352
       Category 1     Category 2        0.016       0.019            -0.003           -0.716
       Category 2     Category 1        0.735       0.739            -0.004           -0.323
       Category 2     Category 2        0.097       0.093             0.004            0.390
     P5_B           P6_B
       Category 1     Category 1        0.404       0.407            -0.003           -0.192
       Category 1     Category 2        0.098       0.096             0.001            0.125
       Category 2     Category 1        0.404       0.402             0.003            0.183
       Category 2     Category 2        0.094       0.095            -0.001           -0.110
     P5_B           P7_B
       Category 1     Category 1        0.442       0.447            -0.005           -0.324
       Category 1     Category 2        0.061       0.056             0.005            0.700
       Category 2     Category 1        0.446       0.441             0.005            0.311
       Category 2     Category 2        0.051       0.056            -0.005           -0.674
     P6_B           P7_B
       Category 1     Category 1        0.716       0.718            -0.001           -0.097
       Category 1     Category 2        0.091       0.091             0.001            0.059
       Category 2     Category 1        0.171       0.170             0.001            0.084
       Category 2     Category 2        0.021       0.021             0.000           -0.035


     UNIVARIATE DISTRIBUTION FIT FOR CLASS 2

     Variable          Observed      Estimated      Residual (Obs.-Est.)    Stand. Residual
     P1_B
       Category 1        0.732          0.732                  0.000                0.000
       Category 2        0.268          0.268                  0.000                0.000
     P2_B
       Category 1        0.701          0.701                  0.000                0.000
       Category 2        0.299          0.299                  0.000                0.000
     P3_B
       Category 1        0.863          0.863                  0.000                0.000
       Category 2        0.137          0.137                  0.000                0.000
     P4_B
       Category 1        0.875          0.875                  0.000                0.000
       Category 2        0.125          0.125                  0.000                0.000
     P5_B
       Category 1        0.531          0.531                  0.000                0.000
       Category 2        0.469          0.469                  0.000                0.000
     P6_B
       Category 1        0.016          0.016                  0.000                0.000
       Category 2        0.984          0.984                  0.000                0.000
     P7_B
       Category 1        0.436          0.436                  0.000                0.000
       Category 2        0.564          0.564                  0.000                0.000


     BIVARIATE DISTRIBUTIONS FIT FOR CLASS 2

     Variable       Variable          Observed     Estimated    Residual (Obs.-Est.)  Stand. Residual
     P1_B           P2_B
       Category 1     Category 1        0.543       0.513             0.030            1.337
       Category 1     Category 2        0.189       0.219            -0.030           -1.609
       Category 2     Category 1        0.157       0.188            -0.031           -1.733
       Category 2     Category 2        0.111       0.080             0.031            2.481
     P1_B           P3_B
       Category 1     Category 1        0.639       0.632             0.008            0.350
       Category 1     Category 2        0.092       0.100            -0.008           -0.583
       Category 2     Category 1        0.223       0.231            -0.008           -0.412
       Category 2     Category 2        0.045       0.037             0.008            0.958
     P1_B           P4_B
       Category 1     Category 1        0.641       0.641             0.000            0.016
       Category 1     Category 2        0.090       0.091            -0.001           -0.076
       Category 2     Category 1        0.235       0.235             0.000            0.016
       Category 2     Category 2        0.034       0.033             0.000            0.042
     P1_B           P5_B
       Category 1     Category 1        0.383       0.389            -0.006           -0.280
       Category 1     Category 2        0.349       0.343             0.006            0.261
       Category 2     Category 1        0.148       0.142             0.006            0.352
       Category 2     Category 2        0.121       0.126            -0.005           -0.333
     P1_B           P6_B
       Category 1     Category 1        0.012       0.012             0.000            0.057
       Category 1     Category 2        0.720       0.720             0.000            0.002
       Category 2     Category 1        0.004       0.004             0.000           -0.084
       Category 2     Category 2        0.264       0.264             0.000           -0.003
     P1_B           P7_B
       Category 1     Category 1        0.329       0.319             0.010            0.475
       Category 1     Category 2        0.403       0.413            -0.010           -0.445
       Category 2     Category 1        0.107       0.117            -0.010           -0.710
       Category 2     Category 2        0.161       0.151             0.010            0.630
     P2_B           P3_B
       Category 1     Category 1        0.606       0.605             0.002            0.089
       Category 1     Category 2        0.094       0.096            -0.002           -0.125
       Category 2     Category 1        0.255       0.258            -0.003           -0.147
       Category 2     Category 2        0.044       0.041             0.003            0.292
     P2_B           P4_B
       Category 1     Category 1        0.617       0.613             0.004            0.162
       Category 1     Category 2        0.083       0.087            -0.004           -0.336
       Category 2     Category 1        0.259       0.262            -0.003           -0.143
       Category 2     Category 2        0.041       0.037             0.004            0.417
     P2_B           P5_B
       Category 1     Category 1        0.367       0.372            -0.005           -0.211
       Category 1     Category 2        0.332       0.328             0.004            0.185
       Category 2     Category 1        0.163       0.159             0.004            0.251
       Category 2     Category 2        0.137       0.140            -0.003           -0.220
     P2_B           P6_B
       Category 1     Category 1        0.011       0.012             0.000           -0.044
       Category 1     Category 2        0.690       0.689             0.001            0.040
       Category 2     Category 1        0.005       0.005             0.000            0.101
       Category 2     Category 2        0.294       0.294            -0.001           -0.045
     P2_B           P7_B
       Category 1     Category 1        0.326       0.306             0.020            0.969
       Category 1     Category 2        0.376       0.395            -0.019           -0.863
       Category 2     Category 1        0.113       0.131            -0.018           -1.156
       Category 2     Category 2        0.185       0.169             0.017            0.974
     P3_B           P4_B
       Category 1     Category 1        0.755       0.755             0.000            0.001
       Category 1     Category 2        0.108       0.108             0.000            0.007
       Category 2     Category 1        0.120       0.120             0.000            0.002
       Category 2     Category 2        0.017       0.017             0.000           -0.025
     P3_B           P5_B
       Category 1     Category 1        0.443       0.458            -0.015           -0.658
       Category 1     Category 2        0.419       0.405             0.014            0.645
       Category 2     Category 1        0.088       0.073             0.016            1.312
       Category 2     Category 2        0.049       0.064            -0.015           -1.345
     P3_B           P6_B
       Category 1     Category 1        0.014       0.014             0.000            0.044
       Category 1     Category 2        0.848       0.849             0.000           -0.022
       Category 2     Category 1        0.002       0.002             0.000           -0.115
       Category 2     Category 2        0.135       0.135             0.000            0.024
     P3_B           P7_B
       Category 1     Category 1        0.368       0.376            -0.008           -0.368
       Category 1     Category 2        0.494       0.487             0.007            0.320
       Category 2     Category 1        0.067       0.060             0.007            0.662
       Category 2     Category 2        0.071       0.077            -0.006           -0.520
     P4_B           P5_B
       Category 1     Category 1        0.469       0.465             0.004            0.179
       Category 1     Category 2        0.407       0.410            -0.003           -0.146
       Category 2     Category 1        0.063       0.066            -0.003           -0.294
       Category 2     Category 2        0.061       0.058             0.003            0.238
     P4_B           P6_B
       Category 1     Category 1        0.015       0.014             0.000            0.036
       Category 1     Category 2        0.861       0.861             0.000            0.019
       Category 2     Category 1        0.002       0.002             0.000           -0.090
       Category 2     Category 2        0.122       0.123             0.000           -0.021
     P4_B           P7_B
       Category 1     Category 1        0.384       0.382             0.002            0.107
       Category 1     Category 2        0.492       0.494            -0.002           -0.090
       Category 2     Category 1        0.051       0.054            -0.004           -0.376
       Category 2     Category 2        0.074       0.070             0.004            0.306
     P5_B           P6_B
       Category 1     Category 1        0.008       0.009            -0.001           -0.142
       Category 1     Category 2        0.523       0.522             0.001            0.031
       Category 2     Category 1        0.008       0.008             0.001            0.164
       Category 2     Category 2        0.460       0.461            -0.001           -0.034
     P5_B           P7_B
       Category 1     Category 1        0.230       0.232            -0.001           -0.065
       Category 1     Category 2        0.300       0.300             0.000            0.006
       Category 2     Category 1        0.207       0.204             0.002            0.119
       Category 2     Category 2        0.263       0.264            -0.001           -0.054
     P6_B           P7_B
       Category 1     Category 1        0.008       0.007             0.000            0.093
       Category 1     Category 2        0.009       0.009             0.000           -0.080
       Category 2     Category 1        0.428       0.429            -0.001           -0.057
       Category 2     Category 2        0.556       0.555             0.001            0.057


     UNIVARIATE DISTRIBUTION FIT FOR CLASS 3

     Variable          Observed      Estimated      Residual (Obs.-Est.)    Stand. Residual
     P1_B
       Category 1        0.933          0.933                  0.000                0.000
       Category 2        0.067          0.067                  0.000                0.000
     P2_B
       Category 1        0.944          0.944                  0.000                0.000
       Category 2        0.056          0.056                  0.000                0.000
     P3_B
       Category 1        0.963          0.963                  0.000                0.000
       Category 2        0.037          0.037                  0.000                0.000
     P4_B
       Category 1        0.979          0.979                  0.000                0.000
       Category 2        0.021          0.021                  0.000                0.000
     P5_B
       Category 1        0.907          0.907                  0.000                0.000
       Category 2        0.093          0.093                  0.000                0.000
     P6_B
       Category 1        0.976          0.976                  0.000                0.000
       Category 2        0.024          0.024                  0.000                0.000
     P7_B
       Category 1        0.990          0.990                  0.000                0.000
       Category 2        0.010          0.010                  0.000                0.000


     BIVARIATE DISTRIBUTIONS FIT FOR CLASS 3

     Variable       Variable          Observed     Estimated    Residual (Obs.-Est.)  Stand. Residual
     P1_B           P2_B
       Category 1     Category 1        0.881       0.881             0.000            0.071
       Category 1     Category 2        0.052       0.052            -0.001           -0.120
       Category 2     Category 1        0.063       0.063            -0.001           -0.110
       Category 2     Category 2        0.004       0.004             0.001            0.497
     P1_B           P3_B
       Category 1     Category 1        0.899       0.899            -0.001           -0.085
       Category 1     Category 2        0.034       0.034             0.000            0.071
       Category 2     Category 1        0.065       0.064             0.000            0.100
       Category 2     Category 2        0.002       0.002             0.000           -0.241
     P1_B           P4_B
       Category 1     Category 1        0.914       0.914             0.000           -0.036
       Category 1     Category 2        0.019       0.019             0.000           -0.005
       Category 2     Category 1        0.066       0.065             0.000            0.032
       Category 2     Category 2        0.001       0.001             0.000            0.076
     P1_B           P5_B
       Category 1     Category 1        0.849       0.846             0.003            0.353
       Category 1     Category 2        0.084       0.087            -0.003           -0.485
       Category 2     Category 1        0.058       0.061            -0.003           -0.566
       Category 2     Category 2        0.009       0.006             0.003            1.834
     P1_B           P6_B
       Category 1     Category 1        0.911       0.911             0.000           -0.015
       Category 1     Category 2        0.022       0.022             0.000           -0.030
       Category 2     Category 1        0.066       0.065             0.000            0.048
       Category 2     Category 2        0.002       0.002             0.000           -0.078
     P1_B           P7_B
       Category 1     Category 1        0.923       0.923             0.000           -0.087
       Category 1     Category 2        0.010       0.010             0.000            0.117
       Category 2     Category 1        0.067       0.066             0.000            0.090
       Category 2     Category 2        0.000       0.001             0.000           -0.402
     P2_B           P3_B
       Category 1     Category 1        0.910       0.909             0.000            0.018
       Category 1     Category 2        0.034       0.034             0.000           -0.065
       Category 2     Category 1        0.054       0.054             0.000            0.045
       Category 2     Category 2        0.002       0.002             0.000           -0.079
     P2_B           P4_B
       Category 1     Category 1        0.924       0.924             0.000           -0.076
       Category 1     Category 2        0.020       0.019             0.000            0.134
       Category 2     Category 1        0.055       0.055             0.000            0.080
       Category 2     Category 2        0.001       0.001             0.000           -0.487
     P2_B           P5_B
       Category 1     Category 1        0.858       0.856             0.002            0.304
       Category 1     Category 2        0.086       0.088            -0.002           -0.404
       Category 2     Category 1        0.049       0.051            -0.002           -0.417
       Category 2     Category 2        0.007       0.005             0.002            1.376
     P2_B           P6_B
       Category 1     Category 1        0.921       0.921             0.000           -0.031
       Category 1     Category 2        0.023       0.023             0.000            0.005
       Category 2     Category 1        0.055       0.055             0.000            0.031
       Category 2     Category 2        0.001       0.001             0.000            0.021
     P2_B           P7_B
       Category 1     Category 1        0.934       0.934             0.000           -0.019
       Category 1     Category 2        0.010       0.010             0.000            0.015
       Category 2     Category 1        0.056       0.055             0.000            0.018
       Category 2     Category 2        0.001       0.001             0.000           -0.032
     P3_B           P4_B
       Category 1     Category 1        0.944       0.944             0.000            0.020
       Category 1     Category 2        0.020       0.020             0.000            0.008
       Category 2     Category 1        0.036       0.036             0.000           -0.046
       Category 2     Category 2        0.001       0.001             0.000            0.103
     P3_B           P5_B
       Category 1     Category 1        0.874       0.874             0.001            0.090
       Category 1     Category 2        0.089       0.090            -0.001           -0.120
       Category 2     Category 1        0.032       0.033            -0.001           -0.226
       Category 2     Category 2        0.004       0.003             0.001            0.771
     P3_B           P6_B
       Category 1     Category 1        0.940       0.940             0.000            0.019
       Category 1     Category 2        0.023       0.023             0.000           -0.066
       Category 2     Category 1        0.036       0.036             0.000           -0.029
       Category 2     Category 2        0.001       0.001             0.000            0.359
     P3_B           P7_B
       Category 1     Category 1        0.953       0.953             0.000           -0.035
       Category 1     Category 2        0.010       0.010             0.000            0.014
       Category 2     Category 1        0.036       0.036             0.000            0.028
       Category 2     Category 2        0.000       0.000             0.000            0.038
     P4_B           P5_B
       Category 1     Category 1        0.889       0.888             0.001            0.125
       Category 1     Category 2        0.091       0.091            -0.001           -0.119
       Category 2     Category 1        0.018       0.019            -0.001           -0.182
       Category 2     Category 2        0.002       0.002             0.000            0.447
     P4_B           P6_B
       Category 1     Category 1        0.956       0.956             0.000            0.031
       Category 1     Category 2        0.023       0.023             0.000            0.009
       Category 2     Category 1        0.020       0.020             0.000           -0.024
       Category 2     Category 2        0.000       0.000             0.000           -0.197
     P4_B           P7_B
       Category 1     Category 1        0.969       0.969             0.000            0.011
       Category 1     Category 2        0.010       0.010             0.000            0.048
       Category 2     Category 1        0.020       0.020             0.000           -0.021
       Category 2     Category 2        0.000       0.000             0.000           -0.251
     P5_B           P6_B
       Category 1     Category 1        0.885       0.885             0.000            0.027
       Category 1     Category 2        0.021       0.022             0.000           -0.137
       Category 2     Category 1        0.091       0.091             0.000           -0.024
       Category 2     Category 2        0.003       0.002             0.000            0.390
     P5_B           P7_B
       Category 1     Category 1        0.897       0.897             0.000           -0.018
       Category 1     Category 2        0.009       0.009             0.000           -0.019
       Category 2     Category 1        0.092       0.092             0.000            0.015
       Category 2     Category 2        0.001       0.001             0.000            0.092
     P6_B           P7_B
       Category 1     Category 1        0.966       0.966             0.000            0.019
       Category 1     Category 2        0.010       0.010             0.000            0.010
       Category 2     Category 1        0.024       0.024             0.000           -0.033
       Category 2     Category 2        0.000       0.000             0.000            0.031


     UNIVARIATE DISTRIBUTION FIT FOR CLASS 4

     Variable          Observed      Estimated      Residual (Obs.-Est.)    Stand. Residual
     P1_B
       Category 1        0.771          0.771                  0.000                0.000
       Category 2        0.229          0.229                  0.000                0.000
     P2_B
       Category 1        0.864          0.864                  0.000                0.000
       Category 2        0.136          0.136                  0.000                0.000
     P3_B
       Category 1        0.069          0.069                  0.000                0.000
       Category 2        0.931          0.931                  0.000                0.000
     P4_B
       Category 1        0.000          0.000                  0.000                0.004
       Category 2        1.000          1.000                  0.000               -0.004
     P5_B
       Category 1        0.173          0.173                  0.000                0.000
       Category 2        0.827          0.827                  0.000                0.000
     P6_B
       Category 1        0.052          0.052                  0.000                0.000
       Category 2        0.948          0.948                  0.000                0.000
     P7_B
       Category 1        0.147          0.147                  0.000                0.000
       Category 2        0.853          0.853                  0.000                0.000


     BIVARIATE DISTRIBUTIONS FIT FOR CLASS 4

     Variable       Variable          Observed     Estimated    Residual (Obs.-Est.)  Stand. Residual
     P1_B           P2_B
       Category 1     Category 1        0.666       0.666             0.000            0.000
       Category 1     Category 2        0.104       0.105            -0.001           -0.039
       Category 2     Category 1        0.198       0.198             0.000            0.006
       Category 2     Category 2        0.032       0.031             0.001            0.054
     P1_B           P3_B
       Category 1     Category 1        0.055       0.053             0.002            0.187
       Category 1     Category 2        0.715       0.717            -0.002           -0.080
       Category 2     Category 1        0.013       0.016            -0.003           -0.449
       Category 2     Category 2        0.216       0.214             0.003            0.122
     P1_B           P4_B
       Category 1     Category 1        0.000       0.000             0.000            0.003
       Category 1     Category 2        0.770       0.771             0.000           -0.003
       Category 2     Category 1        0.000       0.000             0.000            0.001
       Category 2     Category 2        0.230       0.229             0.000            0.003
     P1_B           P5_B
       Category 1     Category 1        0.129       0.133            -0.004           -0.244
       Category 1     Category 2        0.642       0.638             0.005            0.174
       Category 2     Category 1        0.044       0.040             0.004            0.426
       Category 2     Category 2        0.185       0.190            -0.005           -0.214
     P1_B           P6_B
       Category 1     Category 1        0.038       0.040            -0.002           -0.199
       Category 1     Category 2        0.732       0.731             0.002            0.067
       Category 2     Category 1        0.014       0.012             0.002            0.363
       Category 2     Category 2        0.216       0.218            -0.002           -0.073
     P1_B           P7_B
       Category 1     Category 1        0.120       0.113             0.007            0.397
       Category 1     Category 2        0.650       0.658            -0.007           -0.289
       Category 2     Category 1        0.027       0.034            -0.007           -0.688
       Category 2     Category 2        0.203       0.196             0.007            0.342
     P2_B           P3_B
       Category 1     Category 1        0.056       0.060            -0.004           -0.297
       Category 1     Category 2        0.808       0.805             0.004            0.167
       Category 2     Category 1        0.012       0.009             0.003            0.561
       Category 2     Category 2        0.124       0.126            -0.003           -0.150
     P2_B           P4_B
       Category 1     Category 1        0.000       0.000             0.000            0.003
       Category 1     Category 2        0.864       0.864             0.000            0.002
       Category 2     Category 1        0.000       0.000             0.000            0.001
       Category 2     Category 2        0.136       0.136             0.000           -0.002
     P2_B           P5_B
       Category 1     Category 1        0.150       0.149             0.001            0.056
       Category 1     Category 2        0.714       0.715            -0.001           -0.040
       Category 2     Category 1        0.023       0.023            -0.001           -0.072
       Category 2     Category 2        0.113       0.112             0.000            0.027
     P2_B           P6_B
       Category 1     Category 1        0.046       0.045             0.001            0.070
       Category 1     Category 2        0.819       0.819             0.000           -0.016
       Category 2     Category 1        0.006       0.007            -0.001           -0.126
       Category 2     Category 2        0.129       0.129             0.000            0.006
     P2_B           P7_B
       Category 1     Category 1        0.130       0.127             0.003            0.167
       Category 1     Category 2        0.735       0.737            -0.003           -0.106
       Category 2     Category 1        0.017       0.020            -0.003           -0.371
       Category 2     Category 2        0.118       0.116             0.002            0.134
     P3_B           P4_B
       Category 1     Category 1        0.000       0.000             0.000            0.000
       Category 1     Category 2        0.069       0.069             0.000           -0.005
       Category 2     Category 1        0.000       0.000             0.000            0.004
       Category 2     Category 2        0.931       0.931             0.000            0.005
     P3_B           P5_B
       Category 1     Category 1        0.011       0.012            -0.001           -0.093
       Category 1     Category 2        0.057       0.057             0.000           -0.034
       Category 2     Category 1        0.162       0.161             0.001            0.048
       Category 2     Category 2        0.770       0.770             0.000            0.001
     P3_B           P6_B
       Category 1     Category 1        0.003       0.004            -0.001           -0.159
       Category 1     Category 2        0.066       0.065             0.001            0.046
       Category 2     Category 1        0.048       0.048             0.000           -0.013
       Category 2     Category 2        0.883       0.883             0.000            0.002
     P3_B           P7_B
       Category 1     Category 1        0.011       0.010             0.001            0.131
       Category 1     Category 2        0.058       0.059            -0.001           -0.043
       Category 2     Category 1        0.135       0.136            -0.002           -0.099
       Category 2     Category 2        0.796       0.795             0.002            0.076
     P4_B           P5_B
       Category 1     Category 1        0.000       0.000             0.000            0.001
       Category 1     Category 2        0.000       0.000             0.000            0.003
       Category 2     Category 1        0.172       0.173             0.000           -0.016
       Category 2     Category 2        0.828       0.827             0.000            0.016
     P4_B           P6_B
       Category 1     Category 1        0.000       0.000             0.000            0.000
       Category 1     Category 2        0.000       0.000             0.000            0.004
       Category 2     Category 1        0.052       0.052             0.000            0.001
       Category 2     Category 2        0.948       0.948             0.000           -0.001
     P4_B           P7_B
       Category 1     Category 1        0.000       0.000             0.000            0.001
       Category 1     Category 2        0.000       0.000             0.000            0.003
       Category 2     Category 1        0.146       0.147            -0.001           -0.033
       Category 2     Category 2        0.854       0.853             0.001            0.033
     P5_B           P6_B
       Category 1     Category 1        0.010       0.009             0.002            0.304
       Category 1     Category 2        0.162       0.164            -0.001           -0.073
       Category 2     Category 1        0.041       0.043            -0.001           -0.137
       Category 2     Category 2        0.786       0.785             0.001            0.063
     P5_B           P7_B
       Category 1     Category 1        0.025       0.025             0.000           -0.039
       Category 1     Category 2        0.148       0.147             0.001            0.036
       Category 2     Category 1        0.121       0.121             0.000            0.009
       Category 2     Category 2        0.706       0.706            -0.001           -0.021
     P6_B           P7_B
       Category 1     Category 1        0.007       0.008             0.000           -0.062
       Category 1     Category 2        0.044       0.044             0.000            0.000
       Category 2     Category 1        0.139       0.139             0.000            0.021
       Category 2     Category 2        0.809       0.809             0.000           -0.005


     UNIVARIATE DISTRIBUTION FIT FOR CLASS 5

     Variable          Observed      Estimated      Residual (Obs.-Est.)    Stand. Residual
     P1_B
       Category 1        0.050          0.050                  0.000                0.000
       Category 2        0.950          0.950                  0.000                0.000
     P2_B
       Category 1        0.000          0.000                  0.000                0.007
       Category 2        1.000          1.000                  0.000               -0.007
     P3_B
       Category 1        0.017          0.017                  0.000                0.000
       Category 2        0.983          0.983                  0.000                0.000
     P4_B
       Category 1        0.018          0.018                  0.000                0.000
       Category 2        0.982          0.982                  0.000                0.000
     P5_B
       Category 1        0.030          0.030                  0.000                0.000
       Category 2        0.970          0.970                  0.000                0.000
     P6_B
       Category 1        0.038          0.038                  0.000                0.000
       Category 2        0.962          0.962                  0.000                0.000
     P7_B
       Category 1        0.061          0.061                  0.000                0.000
       Category 2        0.939          0.939                  0.000                0.000


     BIVARIATE DISTRIBUTIONS FIT FOR CLASS 5

     Variable       Variable          Observed     Estimated    Residual (Obs.-Est.)  Stand. Residual
     P1_B           P2_B
       Category 1     Category 1        0.000       0.000             0.000            0.000
       Category 1     Category 2        0.049       0.050             0.000           -0.022
       Category 2     Category 1        0.000       0.000             0.000            0.007
       Category 2     Category 2        0.951       0.950             0.000            0.022
     P1_B           P3_B
       Category 1     Category 1        0.001       0.001             0.000            0.362
       Category 1     Category 2        0.049       0.049             0.000           -0.027
       Category 2     Category 1        0.015       0.016            -0.001           -0.119
       Category 2     Category 2        0.935       0.935             0.000            0.042
     P1_B           P4_B
       Category 1     Category 1        0.001       0.001             0.000           -0.199
       Category 1     Category 2        0.049       0.049             0.001            0.068
       Category 2     Category 1        0.017       0.017             0.000            0.055
       Category 2     Category 2        0.933       0.934            -0.001           -0.063
     P1_B           P5_B
       Category 1     Category 1        0.001       0.002             0.000           -0.047
       Category 1     Category 2        0.048       0.048             0.000            0.035
       Category 2     Category 1        0.029       0.029             0.000            0.019
       Category 2     Category 2        0.921       0.921             0.000           -0.032
     P1_B           P6_B
       Category 1     Category 1        0.001       0.002             0.000           -0.271
       Category 1     Category 2        0.048       0.048             0.000            0.045
       Category 2     Category 1        0.036       0.036             0.001            0.077
       Category 2     Category 2        0.914       0.915            -0.001           -0.043
     P1_B           P7_B
       Category 1     Category 1        0.002       0.003            -0.001           -0.331
       Category 1     Category 2        0.047       0.047             0.001            0.077
       Category 2     Category 1        0.059       0.058             0.001            0.088
       Category 2     Category 2        0.891       0.892            -0.001           -0.060
     P2_B           P3_B
       Category 1     Category 1        0.000       0.000             0.000            0.000
       Category 1     Category 2        0.000       0.000             0.000            0.007
       Category 2     Category 1        0.016       0.017             0.000           -0.041
       Category 2     Category 2        0.984       0.983             0.000            0.041
     P2_B           P4_B
       Category 1     Category 1        0.000       0.000             0.000            0.000
       Category 1     Category 2        0.000       0.000             0.000            0.007
       Category 2     Category 1        0.018       0.018             0.000            0.002
       Category 2     Category 2        0.982       0.982             0.000           -0.002
     P2_B           P5_B
       Category 1     Category 1        0.000       0.000             0.000            0.000
       Category 1     Category 2        0.000       0.000             0.000            0.007
       Category 2     Category 1        0.030       0.030             0.000            0.001
       Category 2     Category 2        0.970       0.970             0.000           -0.001
     P2_B           P6_B
       Category 1     Category 1        0.000       0.000             0.000            0.000
       Category 1     Category 2        0.000       0.000             0.000            0.007
       Category 2     Category 1        0.038       0.038             0.000            0.007
       Category 2     Category 2        0.962       0.962             0.000           -0.007
     P2_B           P7_B
       Category 1     Category 1        0.000       0.000             0.000            0.000
       Category 1     Category 2        0.000       0.000             0.000            0.007
       Category 2     Category 1        0.062       0.061             0.000            0.001
       Category 2     Category 2        0.938       0.939             0.000           -0.001
     P3_B           P4_B
       Category 1     Category 1        0.001       0.000             0.000            0.455
       Category 1     Category 2        0.016       0.016             0.000           -0.050
       Category 2     Category 1        0.017       0.017             0.000           -0.061
       Category 2     Category 2        0.966       0.966             0.000            0.036
     P3_B           P5_B
       Category 1     Category 1        0.001       0.001             0.000            0.472
       Category 1     Category 2        0.015       0.016            -0.001           -0.271
       Category 2     Category 1        0.030       0.030             0.000           -0.053
       Category 2     Category 2        0.955       0.954             0.001            0.154
     P3_B           P6_B
       Category 1     Category 1        0.002       0.001             0.001            1.012
       Category 1     Category 2        0.014       0.016            -0.002           -0.354
       Category 2     Category 1        0.036       0.037            -0.001           -0.125
       Category 2     Category 2        0.948       0.946             0.002            0.190
     P3_B           P7_B
       Category 1     Category 1        0.001       0.001             0.000            0.059
       Category 1     Category 2        0.015       0.015             0.000            0.000
       Category 2     Category 1        0.060       0.060             0.000            0.001
       Category 2     Category 2        0.923       0.923             0.000           -0.008
     P4_B           P5_B
       Category 1     Category 1        0.002       0.001             0.001            1.409
       Category 1     Category 2        0.016       0.017            -0.001           -0.243
       Category 2     Category 1        0.029       0.030            -0.001           -0.173
       Category 2     Category 2        0.954       0.953             0.001            0.134
     P4_B           P6_B
       Category 1     Category 1        0.001       0.001             0.001            0.658
       Category 1     Category 2        0.016       0.017            -0.001           -0.121
       Category 2     Category 1        0.036       0.037            -0.001           -0.065
       Category 2     Category 2        0.946       0.945             0.000            0.048
     P4_B           P7_B
       Category 1     Category 1        0.001       0.001             0.000           -0.017
       Category 1     Category 2        0.017       0.017             0.000            0.010
       Category 2     Category 1        0.061       0.060             0.000            0.033
       Category 2     Category 2        0.922       0.922             0.000           -0.032
     P5_B           P6_B
       Category 1     Category 1        0.002       0.001             0.001            0.814
       Category 1     Category 2        0.028       0.029            -0.002           -0.242
       Category 2     Category 1        0.035       0.036            -0.001           -0.144
       Category 2     Category 2        0.935       0.933             0.002            0.161
     P5_B           P7_B
       Category 1     Category 1        0.003       0.002             0.001            0.654
       Category 1     Category 2        0.027       0.029            -0.002           -0.248
       Category 2     Category 1        0.059       0.060            -0.001           -0.109
       Category 2     Category 2        0.912       0.910             0.002            0.135
     P6_B           P7_B
       Category 1     Category 1        0.005       0.002             0.003            1.372
       Category 1     Category 2        0.032       0.035            -0.004           -0.461
       Category 2     Category 1        0.056       0.059            -0.003           -0.271
       Category 2     Category 2        0.907       0.903             0.004            0.281


     UNIVARIATE DISTRIBUTION FIT FOR CLASS 6

     Variable          Observed      Estimated      Residual (Obs.-Est.)    Stand. Residual
     P1_B
       Category 1        0.200          0.200                  0.000                0.000
       Category 2        0.800          0.800                  0.000                0.000
     P2_B
       Category 1        0.061          0.061                  0.000                0.000
       Category 2        0.939          0.939                  0.000                0.000
     P3_B
       Category 1        0.833          0.833                  0.000                0.000
       Category 2        0.167          0.167                  0.000                0.000
     P4_B
       Category 1        0.838          0.838                  0.000                0.000
       Category 2        0.162          0.162                  0.000                0.000
     P5_B
       Category 1        0.695          0.695                  0.000                0.000
       Category 2        0.305          0.305                  0.000                0.000
     P6_B
       Category 1        0.818          0.818                  0.000                0.000
       Category 2        0.182          0.182                  0.000                0.000
     P7_B
       Category 1        0.825          0.825                  0.000                0.000
       Category 2        0.175          0.175                  0.000                0.000


     BIVARIATE DISTRIBUTIONS FIT FOR CLASS 6

     Variable       Variable          Observed     Estimated    Residual (Obs.-Est.)  Stand. Residual
     P1_B           P2_B
       Category 1     Category 1        0.012       0.012             0.000            0.019
       Category 1     Category 2        0.188       0.188            -0.001           -0.024
       Category 2     Category 1        0.048       0.049             0.000           -0.015
       Category 2     Category 2        0.752       0.751             0.001            0.024
     P1_B           P3_B
       Category 1     Category 1        0.173       0.167             0.006            0.273
       Category 1     Category 2        0.028       0.033            -0.005           -0.531
       Category 2     Category 1        0.661       0.666            -0.005           -0.205
       Category 2     Category 2        0.139       0.134             0.005            0.266
     P1_B           P4_B
       Category 1     Category 1        0.174       0.168             0.006            0.292
       Category 1     Category 2        0.026       0.033            -0.007           -0.673
       Category 2     Category 1        0.664       0.670            -0.006           -0.226
       Category 2     Category 2        0.136       0.130             0.006            0.346
     P1_B           P5_B
       Category 1     Category 1        0.129       0.139            -0.010           -0.538
       Category 1     Category 2        0.072       0.061             0.011            0.821
       Category 2     Category 1        0.566       0.556             0.010            0.370
       Category 2     Category 2        0.233       0.244            -0.011           -0.452
     P1_B           P6_B
       Category 1     Category 1        0.167       0.164             0.004            0.171
       Category 1     Category 2        0.034       0.036            -0.003           -0.249
       Category 2     Category 1        0.651       0.654            -0.004           -0.133
       Category 2     Category 2        0.148       0.145             0.003            0.131
     P1_B           P7_B
       Category 1     Category 1        0.167       0.165             0.002            0.078
       Category 1     Category 2        0.034       0.035            -0.002           -0.149
       Category 2     Category 1        0.658       0.660            -0.002           -0.064
       Category 2     Category 2        0.142       0.140             0.002            0.082
     P2_B           P3_B
       Category 1     Category 1        0.051       0.051             0.001            0.067
       Category 1     Category 2        0.010       0.010            -0.001           -0.107
       Category 2     Category 1        0.782       0.782            -0.001           -0.024
       Category 2     Category 2        0.157       0.157             0.000            0.016
     P2_B           P4_B
       Category 1     Category 1        0.052       0.051             0.001            0.069
       Category 1     Category 2        0.009       0.010            -0.001           -0.132
       Category 2     Category 1        0.786       0.787            -0.001           -0.038
       Category 2     Category 2        0.153       0.152             0.001            0.038
     P2_B           P5_B
       Category 1     Category 1        0.040       0.042            -0.002           -0.212
       Category 1     Category 2        0.021       0.019             0.003            0.336
       Category 2     Category 1        0.655       0.653             0.003            0.098
       Category 2     Category 2        0.284       0.286            -0.003           -0.109
     P2_B           P6_B
       Category 1     Category 1        0.050       0.050             0.001            0.053
       Category 1     Category 2        0.011       0.011             0.000           -0.068
       Category 2     Category 1        0.768       0.768             0.000           -0.018
       Category 2     Category 2        0.171       0.171             0.000            0.009
     P2_B           P7_B
       Category 1     Category 1        0.052       0.050             0.002            0.181
       Category 1     Category 2        0.009       0.011            -0.002           -0.333
       Category 2     Category 1        0.773       0.775            -0.002           -0.089
       Category 2     Category 2        0.166       0.164             0.002            0.086
     P3_B           P4_B
       Category 1     Category 1        0.715       0.698             0.017            0.668
       Category 1     Category 2        0.118       0.135            -0.017           -0.888
       Category 2     Category 1        0.122       0.140            -0.018           -0.913
       Category 2     Category 2        0.045       0.027             0.017            1.929
     P3_B           P5_B
       Category 1     Category 1        0.574       0.579            -0.005           -0.193
       Category 1     Category 2        0.259       0.254             0.005            0.225
       Category 2     Category 1        0.124       0.116             0.008            0.442
       Category 2     Category 2        0.043       0.051            -0.008           -0.656
     P3_B           P6_B
       Category 1     Category 1        0.684       0.681             0.003            0.117
       Category 1     Category 2        0.148       0.151            -0.004           -0.178
       Category 2     Category 1        0.133       0.137            -0.004           -0.185
       Category 2     Category 2        0.034       0.030             0.004            0.425
     P3_B           P7_B
       Category 1     Category 1        0.704       0.687             0.016            0.639
       Category 1     Category 2        0.131       0.146            -0.015           -0.745
       Category 2     Category 1        0.121       0.138            -0.017           -0.891
       Category 2     Category 2        0.044       0.029             0.015            1.627
     P4_B           P5_B
       Category 1     Category 1        0.599       0.582             0.017            0.612
       Category 1     Category 2        0.240       0.255            -0.016           -0.643
       Category 2     Category 1        0.097       0.113            -0.016           -0.919
       Category 2     Category 2        0.064       0.049             0.015            1.242
     P4_B           P6_B
       Category 1     Category 1        0.693       0.685             0.008            0.303
       Category 1     Category 2        0.147       0.152            -0.006           -0.285
       Category 2     Category 1        0.125       0.133            -0.008           -0.423
       Category 2     Category 2        0.035       0.030             0.006            0.624
     P4_B           P7_B
       Category 1     Category 1        0.697       0.691             0.006            0.228
       Category 1     Category 2        0.141       0.147            -0.006           -0.297
       Category 2     Category 1        0.128       0.134            -0.006           -0.321
       Category 2     Category 2        0.034       0.028             0.006            0.657
     P5_B           P6_B
       Category 1     Category 1        0.567       0.569            -0.001           -0.046
       Category 1     Category 2        0.131       0.126             0.005            0.249
       Category 2     Category 1        0.251       0.250             0.001            0.052
       Category 2     Category 2        0.051       0.055            -0.005           -0.361
     P5_B           P7_B
       Category 1     Category 1        0.600       0.573             0.027            0.974
       Category 1     Category 2        0.099       0.122            -0.022           -1.233
       Category 2     Category 1        0.226       0.252            -0.026           -1.079
       Category 2     Category 2        0.075       0.053             0.022            1.731
     P6_B           P7_B
       Category 1     Category 1        0.692       0.675             0.017            0.657
       Category 1     Category 2        0.125       0.143            -0.018           -0.921
       Category 2     Category 1        0.133       0.150            -0.017           -0.869
       Category 2     Category 2        0.050       0.032             0.018            1.852


TECHNICAL 11 OUTPUT

     Random Starts Specifications for the k-1 Class Analysis Model
        Number of initial stage random starts                 500
        Number of final stage optimizations                   100



     VUONG-LO-MENDELL-RUBIN LIKELIHOOD RATIO TEST FOR 5 (H0) VERSUS 6 CLASSES

          H0 Loglikelihood Value                       -16981.655
          2 Times the Loglikelihood Difference            306.474
          Difference in the Number of Parameters                8
          Mean                                           -127.886
          Standard Deviation                              230.030
          P-Value                                          0.0003

     LO-MENDELL-RUBIN ADJUSTED LRT TEST

          Value                                           302.056
          P-Value                                          0.0003


TECHNICAL 14 OUTPUT

     Random Starts Specifications for the k-1 Class Analysis Model
        Number of initial stage random starts                 500
        Number of final stage optimizations                   100

     Random Starts Specification for the k-1 Class Model for Generated Data
        Number of initial stage random starts                  10
        Number of final stage optimizations                     2
     Random Starts Specification for the k Class Model for Generated Data
        Number of initial stage random starts                 100
        Number of final stage optimizations                    50
     Number of bootstrap draws requested                   Varies


     PARAMETRIC BOOTSTRAPPED LIKELIHOOD RATIO TEST FOR 5 (H0) VERSUS 6 CLASSES

          H0 Loglikelihood Value                       -16981.655
          2 Times the Loglikelihood Difference            306.474
          Difference in the Number of Parameters                8
          Approximate P-Value                              0.0000
          Successful Bootstrap Draws                            5

     WARNING:  OF THE 5 BOOTSTRAP DRAWS, 3 DRAWS HAD BOTH A SMALLER LRT VALUE THAN THE
     OBSERVED LRT VALUE AND NOT A REPLICATED BEST LOGLIKELIHOOD VALUE FOR THE 6-CLASS MODEL.
     THIS MEANS THAT THE P-VALUE MAY NOT BE TRUSTWORTHY DUE TO LOCAL MAXIMA.
     INCREASE THE NUMBER OF RANDOM STARTS USING THE LRTSTARTS OPTION.



PLOT INFORMATION

The following plots are available:

  Histograms (sample values)
  Scatterplots (sample values)
  Sample proportions and estimated probabilities

     Beginning Time:  12:04:59
        Ending Time:  12:05:06
       Elapsed Time:  00:00:07



MUTHEN & MUTHEN
3463 Stoner Ave.
Los Angeles, CA  90066

Tel: (310) 391-9971
Fax: (310) 391-8971
Web: www.StatModel.com
Support: Support@StatModel.com

Copyright (c) 1998-2019 Muthen & Muthen
