Mplus VERSION 7.4
MUTHEN & MUTHEN
03/05/2021   7:48 PM

INPUT INSTRUCTIONS

  TITLE:
  Step1_3step_ucues2014
  DATA:
  FILE = "C:/Users/dinan/Box/ESM 244/Shiny/3step_example/example3step/3step_2014/14_1.dat";

  VARIABLE:
  NAMES = id urm female p1_b p2_b p4_b p5_b p6_b;
   MISSING=.;
   categorical = p1_b p2_b p4_b p5_b p6_b;
     usevar = p1_b p2_b p4_b p5_b p6_b;

     classes = c(4);

     auxiliary = female urm;
  ANALYSIS:
  estimator = mlr;
      type = mixture;
      stseed = 5082020; !to avoid re-arranging of classes
      starts = 500 100;
  OUTPUT:
  sampstat residual tech11 tech14
  SAVEDATA:
  File=3step_2014_savedata.dat;
      Save=cprob;
      Missflag= 999;
  PLOT:
  type = plot3;
      series = p1_b p2_b p4_b p5_b p6_b(*);



*** WARNING in OUTPUT command
  SAMPSTAT option is not available when all outcomes are censored, ordered
  categorical, unordered categorical (nominal), count or continuous-time
  survival variables.  Request for SAMPSTAT is ignored.
   1 WARNING(S) FOUND IN THE INPUT INSTRUCTIONS




Step1_3step_ucues2014

SUMMARY OF ANALYSIS

Number of groups                                                 1
Number of observations                                       14606

Number of dependent variables                                    5
Number of independent variables                                  0
Number of continuous latent variables                            0
Number of categorical latent variables                           1

Observed dependent variables

  Binary and ordered categorical (ordinal)
   P1_B        P2_B        P4_B        P5_B        P6_B

Observed auxiliary variables
   FEMALE      URM

Categorical latent variables
   C


Estimator                                                      MLR
Information matrix                                        OBSERVED
Optimization Specifications for the Quasi-Newton Algorithm for
Continuous Outcomes
  Maximum number of iterations                                 100
  Convergence criterion                                  0.100D-05
Optimization Specifications for the EM Algorithm
  Maximum number of iterations                                 500
  Convergence criteria
    Loglikelihood change                                 0.100D-06
    Relative loglikelihood change                        0.100D-06
    Derivative                                           0.100D-05
Optimization Specifications for the M step of the EM Algorithm for
Categorical Latent variables
  Number of M step iterations                                    1
  M step convergence criterion                           0.100D-05
  Basis for M step termination                           ITERATION
Optimization Specifications for the M step of the EM Algorithm for
Censored, Binary or Ordered Categorical (Ordinal), Unordered
Categorical (Nominal) and Count Outcomes
  Number of M step iterations                                    1
  M step convergence criterion                           0.100D-05
  Basis for M step termination                           ITERATION
  Maximum value for logit thresholds                            15
  Minimum value for logit thresholds                           -15
  Minimum expected cell size for chi-square              0.100D-01
Maximum number of iterations for H1                           2000
Convergence criterion for H1                             0.100D-03
Optimization algorithm                                         EMA
Random Starts Specifications
  Number of initial stage random starts                        500
  Number of final stage optimizations                          100
  Number of initial stage iterations                            10
  Initial stage convergence criterion                    0.100D+01
  Random starts scale                                    0.500D+01
  Random seed for generating random starts                 5082020
Link                                                         LOGIT

Input data file(s)
  C:/Users/dinan/Box/ESM 244/Shiny/3step_example/example3step/3step_2014/14_1.da
Input data format  FREE


SUMMARY OF DATA

     Number of missing data patterns             1
     Number of y missing data patterns           0
     Number of u missing data patterns           1


COVARIANCE COVERAGE OF DATA

Minimum covariance coverage value   0.100


UNIVARIATE PROPORTIONS AND COUNTS FOR CATEGORICAL VARIABLES

    P1_B
      Category 1    0.810        11833.000
      Category 2    0.190         2773.000
    P2_B
      Category 1    0.814        11889.000
      Category 2    0.186         2717.000
    P4_B
      Category 1    0.705        10296.000
      Category 2    0.295         4310.000
    P5_B
      Category 1    0.739        10799.000
      Category 2    0.261         3807.000
    P6_B
      Category 1    0.750        10961.000
      Category 2    0.250         3645.000


RANDOM STARTS RESULTS RANKED FROM THE BEST TO THE WORST LOGLIKELIHOOD VALUES

Final stage loglikelihood values at local maxima, seeds, and initial stage start numbers:

          -26202.922  809878           383
          -26202.922  814142           30
          -26202.922  243708           308
          -26202.922  387816           490
          -26202.922  16246            185
          -26202.922  485856           155
          -26202.922  928976           221
          -26202.922  590310           68
          -26202.922  771864           434
          -26202.922  993298           253
          -26202.922  668474           43
          -26202.922  537555           212
          -26202.922  806864           83
          -26202.922  129557           96
          -26202.922  865858           100
          -26202.922  282972           21
          -26202.922  341280           90
          -26202.922  573586           148
          -26202.922  322476           234
          -26202.922  659539           343
          -26202.922  189422           9
          -26202.922  281992           443
          -26202.922  627737           304
          -26202.922  996054           209
          -26202.922  891690           290
          -26202.922  910659           399
          -26202.922  482566           91
          -26202.922  17932            252
          -26202.922  444289           317
          -26202.922  110211           151
          -26202.922  17432            292
          -26202.922  345618           405
          -26202.922  327542           180
          -26202.922  740301           403
          -26202.922  615291           382
          -26202.922  974508           123
          -26202.922  207912           20
          -26202.922  522753           158
          -26202.922  659958           402
          -26202.922  428736           410
          -26202.922  93758            16
          -26202.922  165497           153
          -26202.922  855874           476
          -26202.922  898661           330
          -26202.922  169203           129
          -26202.922  79726            398
          -26202.922  952431           464
          -26202.922  327439           436
          -26202.922  505586           303
          -26202.922  705968           477
          -26202.922  31640            332
          -26202.922  885712           394
          -26202.922  427840           164
          -26202.922  99860            94
          -26202.922  915257           269
          -26202.922  523590           390
          -26202.922  238269           272
          -26202.922  321968           313
          -26202.922  14085            418
          -26202.922  4754             375
          -26202.922  351307           426
          -26202.922  613352           11
          -26202.922  887781           268
          -26202.922  815794           197
          -26202.922  822297           270
          -26202.922  981440           306
          -26202.922  368457           110
          -26202.922  490821           297
          -26202.922  24932            238
          -26202.922  604686           420
          -26202.922  599560           265
          -26202.922  736968           474
          -26202.922  101931           480
          -26202.922  380996           364
          -26202.922  24656            215
          -26202.922  878367           248
          -26202.922  37578            207
          -26202.922  424959           226
          -26202.922  37587            488
          -26202.922  413160           216
          -26202.922  501816           293
          -26202.922  990728           141
          -26202.922  527544           326
          -26202.922  555033           493
          -26202.922  850871           39
          -26202.922  756001           353
          -26202.922  972913           206
          -26202.922  614644           81
          -26202.922  37799            457
          -26202.922  490933           479
          -26202.922  938510           492
          -26202.922  484466           200
          -26202.922  780286           462
          -26202.922  191550           256
          -26202.922  397295           113
          -26202.922  319042           92
          -26202.922  608911           178
          -26202.922  56989            52
          -26202.922  425934           74
          -26203.161  990783           58



THE BEST LOGLIKELIHOOD VALUE HAS BEEN REPLICATED.  RERUN WITH AT LEAST TWICE THE
RANDOM STARTS TO CHECK THAT THE BEST LOGLIKELIHOOD IS STILL OBTAINED AND REPLICATED.


THE MODEL ESTIMATION TERMINATED NORMALLY



MODEL FIT INFORMATION

Number of Free Parameters                       23

Loglikelihood

          H0 Value                      -26202.922
          H0 Scaling Correction Factor      1.0066
            for MLR

Information Criteria

          Akaike (AIC)                   52451.844
          Bayesian (BIC)                 52626.396
          Sample-Size Adjusted BIC       52553.304
            (n* = (n + 2) / 24)

Chi-Square Test of Model Fit for the Binary and Ordered Categorical
(Ordinal) Outcomes

          Pearson Chi-Square

          Value                             11.375
          Degrees of Freedom                     8
          P-Value                           0.1813

          Likelihood Ratio Chi-Square

          Value                             11.374
          Degrees of Freedom                     8
          P-Value                           0.1814



FINAL CLASS COUNTS AND PROPORTIONS FOR THE LATENT CLASSES
BASED ON THE ESTIMATED MODEL

    Latent
   Classes

       1       2026.55626          0.13875
       2       1164.72400          0.07974
       3       1775.72691          0.12158
       4       9638.99283          0.65993


FINAL CLASS COUNTS AND PROPORTIONS FOR THE LATENT CLASSES
BASED ON ESTIMATED POSTERIOR PROBABILITIES

    Latent
   Classes

       1       2026.55626          0.13875
       2       1164.72400          0.07974
       3       1775.72691          0.12158
       4       9638.99283          0.65993


FINAL CLASS COUNTS AND PROPORTIONS FOR THE LATENT CLASSES
BASED ON THEIR MOST LIKELY LATENT CLASS MEMBERSHIP

Class Counts and Proportions

    Latent
   Classes

       1             2162          0.14802
       2              867          0.05936
       3             1570          0.10749
       4            10007          0.68513


CLASSIFICATION QUALITY

     Entropy                         0.849


Average Latent Class Probabilities for Most Likely Latent Class Membership (Row)
by Latent Class (Column)

           1        2        3        4

    1   0.906    0.025    0.069    0.000
    2   0.043    0.777    0.147    0.033
    3   0.020    0.061    0.880    0.039
    4   0.000    0.034    0.012    0.954


Classification Probabilities for the Most Likely Latent Class Membership (Column)
by Latent Class (Row)

           1        2        3        4

    1   0.966    0.019    0.015    0.000
    2   0.047    0.578    0.082    0.292
    3   0.084    0.072    0.778    0.066
    4   0.000    0.003    0.006    0.991


Logits for the Classification Probabilities for the Most Likely Latent Class Membership (Column)
by Latent Class (Row)

              1        2        3        4

    1     12.267    8.317    8.111    0.000
    2     -1.822    0.682   -1.269    0.000
    3      0.236    0.083    2.465    0.000
    4    -13.806   -5.824   -5.040    0.000


MODEL RESULTS

                                                    Two-Tailed
                    Estimate       S.E.  Est./S.E.    P-Value

Latent Class 1

 Thresholds
    P1_B$1            -1.832      0.099    -18.438      0.000
    P2_B$1            -2.292      0.154    -14.833      0.000
    P4_B$1            -4.339      0.287    -15.098      0.000
    P5_B$1            -5.481      1.423     -3.851      0.000
    P6_B$1            -2.722      0.157    -17.364      0.000

Latent Class 2

 Thresholds
    P1_B$1            -0.131      0.137     -0.956      0.339
    P2_B$1             0.110      0.125      0.880      0.379
    P4_B$1            -0.502      0.149     -3.378      0.001
    P5_B$1             1.378      0.260      5.307      0.000
    P6_B$1             1.379      0.174      7.914      0.000

Latent Class 3

 Thresholds
    P1_B$1             2.095      0.224      9.363      0.000
    P2_B$1             2.246      0.209     10.723      0.000
    P4_B$1            -0.749      0.078     -9.562      0.000
    P5_B$1            -1.692      0.140    -12.106      0.000
    P6_B$1            -0.959      0.094    -10.198      0.000

Latent Class 4

 Thresholds
    P1_B$1             3.800      0.114     33.462      0.000
    P2_B$1             4.107      0.135     30.361      0.000
    P4_B$1             3.198      0.085     37.847      0.000
    P5_B$1             5.163      0.356     14.516      0.000
    P6_B$1             3.731      0.090     41.288      0.000

Categorical Latent Variables

 Means
    C#1               -1.559      0.035    -43.992      0.000
    C#2               -2.113      0.088    -24.076      0.000
    C#3               -1.692      0.060    -28.408      0.000


RESULTS IN PROBABILITY SCALE

Latent Class 1

 P1_B
    Category 1         0.138      0.012     11.673      0.000
    Category 2         0.862      0.012     72.937      0.000
 P2_B
    Category 1         0.092      0.013      7.127      0.000
    Category 2         0.908      0.013     70.496      0.000
 P4_B
    Category 1         0.013      0.004      3.525      0.000
    Category 2         0.987      0.004    270.118      0.000
 P5_B
    Category 1         0.004      0.006      0.706      0.480
    Category 2         0.996      0.006    169.335      0.000
 P6_B
    Category 1         0.062      0.009      6.799      0.000
    Category 2         0.938      0.009    103.400      0.000

Latent Class 2

 P1_B
    Category 1         0.467      0.034     13.676      0.000
    Category 2         0.533      0.034     15.593      0.000
 P2_B
    Category 1         0.527      0.031     16.992      0.000
    Category 2         0.473      0.031     15.228      0.000
 P4_B
    Category 1         0.377      0.035     10.790      0.000
    Category 2         0.623      0.035     17.833      0.000
 P5_B
    Category 1         0.799      0.042     19.128      0.000
    Category 2         0.201      0.042      4.822      0.000
 P6_B
    Category 1         0.799      0.028     28.527      0.000
    Category 2         0.201      0.028      7.185      0.000

Latent Class 3

 P1_B
    Category 1         0.890      0.022     40.788      0.000
    Category 2         0.110      0.022      5.019      0.000
 P2_B
    Category 1         0.904      0.018     49.890      0.000
    Category 2         0.096      0.018      5.279      0.000
 P4_B
    Category 1         0.321      0.017     18.791      0.000
    Category 2         0.679      0.017     39.756      0.000
 P5_B
    Category 1         0.156      0.018      8.475      0.000
    Category 2         0.844      0.018     46.004      0.000
 P6_B
    Category 1         0.277      0.019     14.717      0.000
    Category 2         0.723      0.019     38.383      0.000

Latent Class 4

 P1_B
    Category 1         0.978      0.002    402.347      0.000
    Category 2         0.022      0.002      9.004      0.000
 P2_B
    Category 1         0.984      0.002    456.467      0.000
    Category 2         0.016      0.002      7.515      0.000
 P4_B
    Category 1         0.961      0.003    301.673      0.000
    Category 2         0.039      0.003     12.316      0.000
 P5_B
    Category 1         0.994      0.002    494.087      0.000
    Category 2         0.006      0.002      2.828      0.005
 P6_B
    Category 1         0.977      0.002    472.855      0.000
    Category 2         0.023      0.002     11.331      0.000


LATENT CLASS ODDS RATIO RESULTS

Latent Class 1 Compared to Latent Class 2

 P1_B
    Category > 1       5.480      0.885      6.193      0.000
 P2_B
    Category > 1      11.037      2.051      5.383      0.000
 P4_B
    Category > 1      46.364     14.635      3.168      0.002
 P5_B
    Category > 1     952.004   1289.443      0.738      0.460
 P6_B
    Category > 1      60.384     12.279      4.918      0.000

Latent Class 1 Compared to Latent Class 3

 P1_B
    Category > 1      50.780     11.719      4.333      0.000
 P2_B
    Category > 1      93.482     21.944      4.260      0.000
 P4_B
    Category > 1      36.219     10.723      3.378      0.001
 P5_B
    Category > 1      44.215     62.312      0.710      0.478
 P6_B
    Category > 1       5.831      0.962      6.064      0.000

Latent Class 1 Compared to Latent Class 4

 P1_B
    Category > 1     279.213     42.527      6.566      0.000
 P2_B
    Category > 1     600.839    127.472      4.714      0.000
 P4_B
    Category > 1    1876.970    546.393      3.435      0.001
 P5_B
    Category > 1   41939.918  61003.914      0.687      0.492
 P6_B
    Category > 1     634.683    111.661      5.684      0.000

Latent Class 2 Compared to Latent Class 3

 P1_B
    Category > 1       9.266      2.581      3.591      0.000
 P2_B
    Category > 1       8.470      2.105      4.023      0.000
 P4_B
    Category > 1       0.781      0.140      5.568      0.000
 P5_B
    Category > 1       0.046      0.014      3.428      0.001
 P6_B
    Category > 1       0.097      0.018      5.276      0.000

Latent Class 2 Compared to Latent Class 4

 P1_B
    Category > 1      50.951      7.842      6.498      0.000
 P2_B
    Category > 1      54.438      8.892      6.122      0.000
 P4_B
    Category > 1      40.483      6.151      6.582      0.000
 P5_B
    Category > 1      44.054     18.989      2.320      0.020
 P6_B
    Category > 1      10.511      2.033      5.170      0.000

Latent Class 3 Compared to Latent Class 4

 P1_B
    Category > 1       5.499      1.428      3.850      0.000
 P2_B
    Category > 1       6.427      1.611      3.990      0.000
 P4_B
    Category > 1      51.823      5.886      8.804      0.000
 P5_B
    Category > 1     948.542    350.276      2.708      0.007
 P6_B
    Category > 1     108.843     13.670      7.962      0.000


QUALITY OF NUMERICAL RESULTS

     Condition Number for the Information Matrix              0.293E-03
       (ratio of smallest to largest eigenvalue)


RESIDUAL OUTPUT


     UNIVARIATE DISTRIBUTION FIT FOR CLASS 1

     Variable          Observed      Estimated      Residual (Obs.-Est.)    Stand. Residual
     P1_B
       Category 1        0.138          0.138                  0.000                0.000
       Category 2        0.862          0.862                  0.000                0.000
     P2_B
       Category 1        0.092          0.092                  0.000                0.000
       Category 2        0.908          0.908                  0.000                0.000
     P4_B
       Category 1        0.013          0.013                  0.000                0.000
       Category 2        0.987          0.987                  0.000                0.000
     P5_B
       Category 1        0.004          0.004                  0.000                0.000
       Category 2        0.996          0.996                  0.000                0.000
     P6_B
       Category 1        0.062          0.062                  0.000                0.000
       Category 2        0.938          0.938                  0.000                0.000


     BIVARIATE DISTRIBUTIONS FIT FOR CLASS 1

     Variable       Variable          Observed     Estimated    Residual (Obs.-Est.)  Stand. Residua
     P1_B           P2_B
       Category 1     Category 1        0.013       0.013             0.000           -0.022
       Category 1     Category 2        0.125       0.125             0.000            0.007
       Category 2     Category 1        0.079       0.079             0.000            0.009
       Category 2     Category 2        0.783       0.783             0.000           -0.006
     P1_B           P4_B
       Category 1     Category 1        0.002       0.002             0.000            0.085
       Category 1     Category 2        0.136       0.136             0.000           -0.010
       Category 2     Category 1        0.011       0.011             0.000           -0.034
       Category 2     Category 2        0.851       0.851             0.000            0.010
     P1_B           P5_B
       Category 1     Category 1        0.001       0.001             0.000           -0.122
       Category 1     Category 2        0.137       0.137             0.000            0.009
       Category 2     Category 1        0.004       0.004             0.000            0.049
       Category 2     Category 2        0.858       0.858             0.000           -0.008
     P1_B           P6_B
       Category 1     Category 1        0.009       0.009             0.000            0.086
       Category 1     Category 2        0.129       0.129             0.000           -0.024
       Category 2     Category 1        0.053       0.053             0.000           -0.035
       Category 2     Category 2        0.809       0.809             0.000            0.020
     P2_B           P4_B
       Category 1     Category 1        0.001       0.001             0.000           -0.063
       Category 1     Category 2        0.091       0.091             0.000            0.008
       Category 2     Category 1        0.012       0.012             0.000            0.020
       Category 2     Category 2        0.896       0.896             0.000           -0.007
     P2_B           P5_B
       Category 1     Category 1        0.000       0.000             0.000           -0.044
       Category 1     Category 2        0.091       0.091             0.000            0.003
       Category 2     Category 1        0.004       0.004             0.000            0.014
       Category 2     Category 2        0.904       0.904             0.000           -0.003
     P2_B           P6_B
       Category 1     Category 1        0.007       0.006             0.001            0.658
       Category 1     Category 2        0.085       0.086            -0.001           -0.176
       Category 2     Category 1        0.055       0.056            -0.001           -0.215
       Category 2     Category 2        0.853       0.852             0.001            0.139
     P4_B           P5_B
       Category 1     Category 1        0.000       0.000             0.000            0.016
       Category 1     Category 2        0.013       0.013             0.000           -0.001
       Category 2     Category 1        0.004       0.004             0.000           -0.002
       Category 2     Category 2        0.983       0.983             0.000            0.001
     P4_B           P6_B
       Category 1     Category 1        0.001       0.001             0.000            0.014
       Category 1     Category 2        0.012       0.012             0.000           -0.004
       Category 2     Category 1        0.061       0.061             0.000           -0.002
       Category 2     Category 2        0.926       0.926             0.000            0.002
     P5_B           P6_B
       Category 1     Category 1        0.000       0.000             0.000           -0.020
       Category 1     Category 2        0.004       0.004             0.000            0.005
       Category 2     Category 1        0.061       0.061             0.000            0.001
       Category 2     Category 2        0.934       0.934             0.000           -0.001


     UNIVARIATE DISTRIBUTION FIT FOR CLASS 2

     Variable          Observed      Estimated      Residual (Obs.-Est.)    Stand. Residual
     P1_B
       Category 1        0.467          0.467                  0.000                0.000
       Category 2        0.533          0.533                  0.000                0.000
     P2_B
       Category 1        0.527          0.527                  0.000                0.000
       Category 2        0.473          0.473                  0.000                0.000
     P4_B
       Category 1        0.377          0.377                  0.000                0.000
       Category 2        0.623          0.623                  0.000                0.000
     P5_B
       Category 1        0.799          0.799                  0.000                0.000
       Category 2        0.201          0.201                  0.000                0.000
     P6_B
       Category 1        0.799          0.799                  0.000                0.000
       Category 2        0.201          0.201                  0.000                0.000


     BIVARIATE DISTRIBUTIONS FIT FOR CLASS 2

     Variable       Variable          Observed     Estimated    Residual (Obs.-Est.)  Stand. Residua
     P1_B           P2_B
       Category 1     Category 1        0.246       0.246             0.000            0.004
       Category 1     Category 2        0.221       0.221             0.000           -0.004
       Category 2     Category 1        0.281       0.281             0.000           -0.004
       Category 2     Category 2        0.252       0.252             0.000            0.004
     P1_B           P4_B
       Category 1     Category 1        0.177       0.176             0.001            0.061
       Category 1     Category 2        0.290       0.291            -0.001           -0.051
       Category 2     Category 1        0.200       0.201            -0.001           -0.058
       Category 2     Category 2        0.333       0.332             0.001            0.049
     P1_B           P5_B
       Category 1     Category 1        0.375       0.373             0.002            0.152
       Category 1     Category 2        0.092       0.094            -0.002           -0.251
       Category 2     Category 1        0.423       0.425            -0.002           -0.148
       Category 2     Category 2        0.109       0.107             0.002            0.237
     P1_B           P6_B
       Category 1     Category 1        0.372       0.373            -0.001           -0.061
       Category 1     Category 2        0.095       0.094             0.001            0.101
       Category 2     Category 1        0.426       0.426             0.001            0.059
       Category 2     Category 2        0.106       0.107            -0.001           -0.095
     P2_B           P4_B
       Category 1     Category 1        0.194       0.199            -0.004           -0.384
       Category 1     Category 2        0.333       0.329             0.004            0.327
       Category 2     Category 1        0.183       0.178             0.004            0.401
       Category 2     Category 2        0.290       0.294            -0.004           -0.337
     P2_B           P5_B
       Category 1     Category 1        0.420       0.421            -0.002           -0.112
       Category 1     Category 2        0.108       0.106             0.002            0.180
       Category 2     Category 1        0.379       0.377             0.002            0.114
       Category 2     Category 2        0.094       0.095            -0.002           -0.189
     P2_B           P6_B
       Category 1     Category 1        0.423       0.421             0.002            0.120
       Category 1     Category 2        0.104       0.106            -0.002           -0.193
       Category 2     Category 1        0.376       0.378            -0.002           -0.123
       Category 2     Category 2        0.097       0.095             0.002            0.203
     P4_B           P5_B
       Category 1     Category 1        0.307       0.301             0.006            0.454
       Category 1     Category 2        0.070       0.076            -0.006           -0.786
       Category 2     Category 1        0.491       0.498            -0.006           -0.417
       Category 2     Category 2        0.132       0.125             0.006            0.629
     P4_B           P6_B
       Category 1     Category 1        0.297       0.301            -0.004           -0.298
       Category 1     Category 2        0.080       0.076             0.004            0.517
       Category 2     Category 1        0.502       0.498             0.004            0.274
       Category 2     Category 2        0.121       0.125            -0.004           -0.413
     P5_B           P6_B
       Category 1     Category 1        0.638       0.638             0.000           -0.003
       Category 1     Category 2        0.161       0.161             0.000            0.004
       Category 2     Category 1        0.161       0.161             0.000            0.004
       Category 2     Category 2        0.040       0.041             0.000           -0.007


     UNIVARIATE DISTRIBUTION FIT FOR CLASS 3

     Variable          Observed      Estimated      Residual (Obs.-Est.)    Stand. Residual
     P1_B
       Category 1        0.890          0.890                  0.000                0.000
       Category 2        0.110          0.110                  0.000                0.000
     P2_B
       Category 1        0.904          0.904                  0.000                0.000
       Category 2        0.096          0.096                  0.000                0.000
     P4_B
       Category 1        0.321          0.321                  0.000                0.000
       Category 2        0.679          0.679                  0.000                0.000
     P5_B
       Category 1        0.156          0.156                  0.000                0.000
       Category 2        0.844          0.844                  0.000                0.000
     P6_B
       Category 1        0.277          0.277                  0.000                0.000
       Category 2        0.723          0.723                  0.000                0.000


     BIVARIATE DISTRIBUTIONS FIT FOR CLASS 3

     Variable       Variable          Observed     Estimated    Residual (Obs.-Est.)  Stand. Residua
     P1_B           P2_B
       Category 1     Category 1        0.805       0.805             0.000            0.003
       Category 1     Category 2        0.085       0.085             0.000           -0.005
       Category 2     Category 1        0.099       0.099             0.000           -0.004
       Category 2     Category 2        0.011       0.010             0.000            0.012
     P1_B           P4_B
       Category 1     Category 1        0.288       0.286             0.003            0.243
       Category 1     Category 2        0.602       0.605            -0.003           -0.224
       Category 2     Category 1        0.033       0.035            -0.003           -0.596
       Category 2     Category 2        0.077       0.074             0.003            0.418
     P1_B           P5_B
       Category 1     Category 1        0.139       0.139             0.000            0.053
       Category 1     Category 2        0.751       0.752             0.000           -0.043
       Category 2     Category 1        0.017       0.017             0.000           -0.143
       Category 2     Category 2        0.093       0.093             0.000            0.064
     P1_B           P6_B
       Category 1     Category 1        0.245       0.247            -0.002           -0.163
       Category 1     Category 2        0.645       0.644             0.002            0.147
       Category 2     Category 1        0.032       0.030             0.002            0.409
       Category 2     Category 2        0.078       0.079            -0.002           -0.260
     P2_B           P4_B
       Category 1     Category 1        0.290       0.290            -0.001           -0.053
       Category 1     Category 2        0.615       0.614             0.001            0.050
       Category 2     Category 1        0.031       0.031             0.001            0.141
       Category 2     Category 2        0.064       0.065            -0.001           -0.098
     P2_B           P5_B
       Category 1     Category 1        0.141       0.141             0.000            0.003
       Category 1     Category 2        0.764       0.764             0.000           -0.002
       Category 2     Category 1        0.015       0.015             0.000           -0.008
       Category 2     Category 2        0.081       0.081             0.000            0.004
     P2_B           P6_B
       Category 1     Category 1        0.252       0.251             0.001            0.092
       Category 1     Category 2        0.653       0.654            -0.001           -0.084
       Category 2     Category 1        0.026       0.027            -0.001           -0.249
       Category 2     Category 2        0.070       0.069             0.001            0.158
     P4_B           P5_B
       Category 1     Category 1        0.051       0.050             0.001            0.137
       Category 1     Category 2        0.270       0.271            -0.001           -0.067
       Category 2     Category 1        0.105       0.106            -0.001           -0.097
       Category 2     Category 2        0.574       0.573             0.001            0.060
     P4_B           P6_B
       Category 1     Category 1        0.086       0.089            -0.003           -0.407
       Category 1     Category 2        0.235       0.232             0.003            0.275
       Category 2     Category 1        0.191       0.188             0.003            0.297
       Category 2     Category 2        0.488       0.491            -0.003           -0.232
     P5_B           P6_B
       Category 1     Category 1        0.043       0.043             0.000            0.006
       Category 1     Category 2        0.112       0.112             0.000           -0.004
       Category 2     Category 1        0.234       0.234             0.000           -0.003
       Category 2     Category 2        0.610       0.610             0.000            0.002


     UNIVARIATE DISTRIBUTION FIT FOR CLASS 4

     Variable          Observed      Estimated      Residual (Obs.-Est.)    Stand. Residual
     P1_B
       Category 1        0.978          0.978                  0.000                0.000
       Category 2        0.022          0.022                  0.000                0.000
     P2_B
       Category 1        0.984          0.984                  0.000                0.000
       Category 2        0.016          0.016                  0.000                0.000
     P4_B
       Category 1        0.961          0.961                  0.000                0.000
       Category 2        0.039          0.039                  0.000                0.000
     P5_B
       Category 1        0.994          0.994                  0.000                0.000
       Category 2        0.006          0.006                  0.000                0.000
     P6_B
       Category 1        0.977          0.977                  0.000                0.000
       Category 2        0.023          0.023                  0.000                0.000


     BIVARIATE DISTRIBUTIONS FIT FOR CLASS 4

     Variable       Variable          Observed     Estimated    Residual (Obs.-Est.)  Stand. Residua
     P1_B           P2_B
       Category 1     Category 1        0.962       0.962             0.000            0.007
       Category 1     Category 2        0.016       0.016             0.000           -0.010
       Category 2     Category 1        0.022       0.022             0.000           -0.009
       Category 2     Category 2        0.000       0.000             0.000            0.069
     P1_B           P4_B
       Category 1     Category 1        0.940       0.940             0.000           -0.001
       Category 1     Category 2        0.038       0.038             0.000            0.001
       Category 2     Category 1        0.021       0.021             0.000            0.001
       Category 2     Category 2        0.001       0.001             0.000           -0.005
     P1_B           P5_B
       Category 1     Category 1        0.973       0.973             0.000           -0.018
       Category 1     Category 2        0.006       0.006             0.000            0.040
       Category 2     Category 1        0.022       0.022             0.000            0.020
       Category 2     Category 2        0.000       0.000             0.000           -0.264
     P1_B           P6_B
       Category 1     Category 1        0.955       0.955             0.000            0.001
       Category 1     Category 2        0.023       0.023             0.000           -0.001
       Category 2     Category 1        0.021       0.021             0.000           -0.001
       Category 2     Category 2        0.001       0.001             0.000            0.007
     P2_B           P4_B
       Category 1     Category 1        0.945       0.945             0.000            0.005
       Category 1     Category 2        0.039       0.039             0.000           -0.005
       Category 2     Category 1        0.016       0.016             0.000           -0.008
       Category 2     Category 2        0.001       0.001             0.000            0.042
     P2_B           P5_B
       Category 1     Category 1        0.978       0.978             0.000           -0.012
       Category 1     Category 2        0.006       0.006             0.000            0.023
       Category 2     Category 1        0.016       0.016             0.000            0.014
       Category 2     Category 2        0.000       0.000             0.000           -0.181
     P2_B           P6_B
       Category 1     Category 1        0.961       0.961             0.000            0.047
       Category 1     Category 2        0.023       0.023             0.000           -0.061
       Category 2     Category 1        0.016       0.016             0.000           -0.073
       Category 2     Category 2        0.000       0.000             0.000            0.468
     P4_B           P5_B
       Category 1     Category 1        0.955       0.955             0.000            0.000
       Category 1     Category 2        0.005       0.005             0.000            0.001
       Category 2     Category 1        0.039       0.039             0.000            0.000
       Category 2     Category 2        0.000       0.000             0.000           -0.006
     P4_B           P6_B
       Category 1     Category 1        0.938       0.938             0.000            0.002
       Category 1     Category 2        0.022       0.022             0.000           -0.004
       Category 2     Category 1        0.038       0.038             0.000           -0.003
       Category 2     Category 2        0.001       0.001             0.000            0.019
     P5_B           P6_B
       Category 1     Category 1        0.971       0.971             0.000            0.001
       Category 1     Category 2        0.023       0.023             0.000           -0.001
       Category 2     Category 1        0.006       0.006             0.000           -0.002
       Category 2     Category 2        0.000       0.000             0.000            0.011


TECHNICAL 11 OUTPUT

     Random Starts Specifications for the k-1 Class Analysis Model
        Number of initial stage random starts                 500
        Number of final stage optimizations                   100



     VUONG-LO-MENDELL-RUBIN LIKELIHOOD RATIO TEST FOR 3 (H0) VERSUS 4 CLASSES

          H0 Loglikelihood Value                       -26556.408
          2 Times the Loglikelihood Difference            706.972
          Difference in the Number of Parameters                6
          Mean                                              4.104
          Standard Deviation                                7.419
          P-Value                                          0.0000

     LO-MENDELL-RUBIN ADJUSTED LRT TEST

          Value                                           694.894
          P-Value                                          0.0000


TECHNICAL 14 OUTPUT

     Random Starts Specifications for the k-1 Class Analysis Model
        Number of initial stage random starts                 500
        Number of final stage optimizations                   100

     Random Starts Specification for the k-1 Class Model for Generated Data
        Number of initial stage random starts                   0
        Number of final stage optimizations for the
           initial stage random starts                          0
     Random Starts Specification for the k Class Model for Generated Data
        Number of initial stage random starts                  40
        Number of final stage optimizations                     8
     Number of bootstrap draws requested                   Varies


     PARAMETRIC BOOTSTRAPPED LIKELIHOOD RATIO TEST FOR 3 (H0) VERSUS 4 CLASSES

          H0 Loglikelihood Value                       -26556.408
          2 Times the Loglikelihood Difference            706.972
          Difference in the Number of Parameters                6
          Approximate P-Value                              0.0000
          Successful Bootstrap Draws                            5

     WARNING:  OF THE 5 BOOTSTRAP DRAWS, 5 DRAWS HAD BOTH A SMALLER LRT VALUE THAN THE
     OBSERVED LRT VALUE AND NOT A REPLICATED BEST LOGLIKELIHOOD VALUE FOR THE 4-CLASS MODEL.
     THIS MEANS THAT THE P-VALUE MAY NOT BE TRUSTWORTHY DUE TO LOCAL MAXIMA.
     INCREASE THE NUMBER OF RANDOM STARTS USING THE LRTSTARTS OPTION.



PLOT INFORMATION

The following plots are available:

  Histograms (sample values)
  Scatterplots (sample values)
  Sample proportions and estimated probabilities

SAVEDATA INFORMATION


  Save file
    3step_2014_savedata.dat

  Order and format of variables

    P1_B           F10.3
    P2_B           F10.3
    P4_B           F10.3
    P5_B           F10.3
    P6_B           F10.3
    FEMALE         F10.3
    URM            F10.3
    CPROB1         F10.3
    CPROB2         F10.3
    CPROB3         F10.3
    CPROB4         F10.3
    C              F10.3

  Save file format
    12F10.3

  Save file record length    10000


     Beginning Time:  19:48:02
        Ending Time:  19:48:24
       Elapsed Time:  00:00:22



MUTHEN & MUTHEN
3463 Stoner Ave.
Los Angeles, CA  90066

Tel: (310) 391-9971
Fax: (310) 391-8971
Web: www.StatModel.com
Support: Support@StatModel.com

Copyright (c) 1998-2015 Muthen & Muthen
